> Task :gradle-plugin:settings-plugin:checkKotlinGradlePluginConfigurationErrors
> Task :gradle-plugin:settings-plugin:compileKotlin UP-TO-DATE
> Task :gradle-plugin:settings-plugin:compileJava NO-SOURCE
> Task :gradle-plugin:settings-plugin:pluginDescriptors UP-TO-DATE
> Task :gradle-plugin:settings-plugin:processResources UP-TO-DATE
> Task :gradle-plugin:settings-plugin:classes UP-TO-DATE
> Task :gradle-plugin:settings-plugin:jar UP-TO-DATE
> Task :gradle-plugin:react-native-gradle-plugin:checkKotlinGradlePluginConfigurationErrors
> Task :gradle-plugin:react-native-gradle-plugin:compileKotlin UP-TO-DATE
> Task :gradle-plugin:react-native-gradle-plugin:compileJava NO-SOURCE
> Task :gradle-plugin:react-native-gradle-plugin:pluginDescriptors UP-TO-DATE
> Task :gradle-plugin:react-native-gradle-plugin:processResources UP-TO-DATE
> Task :gradle-plugin:react-native-gradle-plugin:classes UP-TO-DATE
> Task :gradle-plugin:react-native-gradle-plugin:jar UP-TO-DATE

> Configure project :expo

Using expo modules
  - [32mexpo-application[0m (5.9.1)
  - [32mexpo-asset[0m (10.0.10)
  - [32mexpo-camera[0m (15.0.16)
  - [32mexpo-constants[0m (16.0.2)
  - [32mexpo-crypto[0m (13.0.2)
  - [32mexpo-file-system[0m (17.0.1)
  - [32mexpo-font[0m (12.0.10)
  - [32mexpo-image-loader[0m (4.7.0)
  - [32mexpo-image-picker[0m (15.1.0)
  - [32mexpo-keep-awake[0m (13.0.2)
  - [32mexpo-linear-gradient[0m (13.0.2)
  - [32mexpo-media-library[0m (16.0.5)
  - [32mexpo-modules-core[0m (1.12.26)
  - [32mexpo-notifications[0m (0.28.19)
  - [32mexpo-splash-screen[0m (0.27.7)
  - [32mexpo-web-browser[0m (13.0.3)


> Configure project :react-native-reanimated
Android gradle plugin: 8.2.1
Gradle: 8.8
Using a toolchain installed via auto-provisioning, but having no toolchain repositories configured. This behavior is deprecated. Consider defining toolchain download repositories, otherwise the build might fail in clean environments; see https://docs.gradle.org/8.8/userguide/toolchains.html#sub:download_repositories
	at org.gradle.jvm.toolchain.internal.JavaToolchainQueryService.warnIfAutoProvisionedToolchainUsedWithoutRepositoryDefinitions(JavaToolchainQueryService.java:171)
	at org.gradle.jvm.toolchain.internal.JavaToolchainQueryService.lambda$findInstalledToolchain$6(JavaToolchainQueryService.java:157)
	at java.base/java.util.Optional.map(Optional.java:260)
	at org.gradle.jvm.toolchain.internal.JavaToolchainQueryService.findInstalledToolchain(JavaToolchainQueryService.java:156)
	at org.gradle.jvm.toolchain.internal.JavaToolchainQueryService.query(JavaToolchainQueryService.java:146)
	at org.gradle.jvm.toolchain.internal.JavaToolchainQueryService.lambda$resolveToolchain$1(JavaToolchainQueryService.java:124)
	at java.base/java.util.concurrent.ConcurrentHashMap.computeIfAbsent(ConcurrentHashMap.java:1708)
	at org.gradle.jvm.toolchain.internal.JavaToolchainQueryService.resolveToolchain(JavaToolchainQueryService.java:122)
	at org.gradle.jvm.toolchain.internal.JavaToolchainQueryService.lambda$findMatchingToolchain$0(JavaToolchainQueryService.java:103)
	at org.gradle.api.internal.provider.DefaultProvider.calculateOwnValue(DefaultProvider.java:72)
	at org.gradle.api.internal.provider.AbstractMinimalProvider.calculateValue(AbstractMinimalProvider.java:115)
	at org.gradle.api.internal.provider.WithSideEffectProvider.calculateOwnValue(WithSideEffectProvider.java:54)
	at org.gradle.api.internal.provider.AbstractMinimalProvider.calculateValue(AbstractMinimalProvider.java:115)
	at org.gradle.api.internal.provider.TransformBackedProvider.calculateOwnValue(TransformBackedProvider.java:81)
	at org.gradle.api.internal.provider.AbstractMinimalProvider.calculateValue(AbstractMinimalProvider.java:115)
	at org.gradle.api.internal.provider.TransformBackedProvider.calculateOwnValue(TransformBackedProvider.java:81)
	at org.gradle.api.internal.provider.AbstractMinimalProvider.calculateValue(AbstractMinimalProvider.java:115)
	at org.gradle.api.internal.provider.AbstractMinimalProvider.withFinalValue(AbstractMinimalProvider.java:168)
	at org.gradle.api.internal.provider.DefaultProperty.finalValue(DefaultProperty.java:157)
	at org.gradle.api.internal.provider.DefaultProperty.finalValue(DefaultProperty.java:33)
	at org.gradle.api.internal.provider.AbstractProperty.finalizeNow(AbstractProperty.java:281)
	at org.gradle.api.internal.provider.AbstractProperty.lambda$beforeRead$0(AbstractProperty.java:276)
	at org.gradle.api.internal.provider.ValueState.finalizeOnReadIfNeeded(ValueState.java:137)
	at org.gradle.api.internal.provider.AbstractProperty.beforeRead(AbstractProperty.java:276)
	at org.gradle.api.internal.provider.AbstractProperty.beforeRead(AbstractProperty.java:268)
	at org.gradle.api.internal.provider.AbstractProperty.calculateOwnValue(AbstractProperty.java:162)
	at org.gradle.api.internal.provider.AbstractMinimalProvider.getOrNull(AbstractMinimalProvider.java:105)
	at com.android.build.gradle.tasks.JavaCompileUtils.configureProperties(JavaCompileUtils.kt:83)
	at com.android.build.gradle.tasks.JavaCompileCreationAction.configure(JavaCompile.kt:124)
	at com.android.build.gradle.tasks.JavaCompileCreationAction.configure(JavaCompile.kt:56)
	at com.android.build.gradle.internal.tasks.factory.TaskConfigurationActions.execute(TaskFactoryUtils.kt:94)
	at com.android.build.gradle.internal.tasks.factory.TaskConfigurationActions.execute(TaskFactoryUtils.kt:80)
	at org.gradle.api.internal.DefaultMutationGuard$1.execute(DefaultMutationGuard.java:45)
	at org.gradle.api.internal.DefaultMutationGuard$1.execute(DefaultMutationGuard.java:45)
	at org.gradle.internal.code.DefaultUserCodeApplicationContext$CurrentApplication$1.execute(DefaultUserCodeApplicationContext.java:123)
	at org.gradle.api.internal.DefaultCollectionCallbackActionDecorator$BuildOperationEmittingAction$1.run(DefaultCollectionCallbackActionDecorator.java:110)
	at org.gradle.internal.operations.DefaultBuildOperationRunner$1.execute(DefaultBuildOperationRunner.java:29)
	at org.gradle.internal.operations.DefaultBuildOperationRunner$1.execute(DefaultBuildOperationRunner.java:26)
	at org.gradle.internal.operations.DefaultBuildOperationRunner$2.execute(DefaultBuildOperationRunner.java:66)
	at org.gradle.internal.operations.DefaultBuildOperationRunner$2.execute(DefaultBuildOperationRunner.java:59)
	at org.gradle.internal.operations.DefaultBuildOperationRunner.execute(DefaultBuildOperationRunner.java:166)
	at org.gradle.internal.operations.DefaultBuildOperationRunner.execute(DefaultBuildOperationRunner.java:59)
	at org.gradle.internal.operations.DefaultBuildOperationRunner.run(DefaultBuildOperationRunner.java:47)
	at org.gradle.api.internal.DefaultCollectionCallbackActionDecorator$BuildOperationEmittingAction.execute(DefaultCollectionCallbackActionDecorator.java:107)
	at org.gradle.internal.ImmutableActionSet$SetWithManyActions.execute(ImmutableActionSet.java:329)
	at org.gradle.api.internal.DefaultDomainObjectCollection.doAdd(DefaultDomainObjectCollection.java:262)
	at org.gradle.api.internal.DefaultNamedDomainObjectCollection.doAdd(DefaultNamedDomainObjectCollection.java:125)
	at org.gradle.api.internal.DefaultDomainObjectCollection.add(DefaultDomainObjectCollection.java:256)
	at org.gradle.api.internal.DefaultNamedDomainObjectCollection$AbstractDomainObjectCreatingProvider.tryCreate(DefaultNamedDomainObjectCollection.java:1011)
	at org.gradle.api.internal.tasks.DefaultTaskContainer$TaskCreatingProvider.access$1401(DefaultTaskContainer.java:656)
	at org.gradle.api.internal.tasks.DefaultTaskContainer$TaskCreatingProvider$1.run(DefaultTaskContainer.java:682)
	at org.gradle.internal.operations.DefaultBuildOperationRunner$1.execute(DefaultBuildOperationRunner.java:29)
	at org.gradle.internal.operations.DefaultBuildOperationRunner$1.execute(DefaultBuildOperationRunner.java:26)
	at org.gradle.internal.operations.DefaultBuildOperationRunner$2.execute(DefaultBuildOperationRunner.java:66)
	at org.gradle.internal.operations.DefaultBuildOperationRunner$2.execute(DefaultBuildOperationRunner.java:59)
	at org.gradle.internal.operations.DefaultBuildOperationRunner.execute(DefaultBuildOperationRunner.java:166)
	at org.gradle.internal.operations.DefaultBuildOperationRunner.execute(DefaultBuildOperationRunner.java:59)
	at org.gradle.internal.operations.DefaultBuildOperationRunner.run(DefaultBuildOperationRunner.java:47)
	at org.gradle.api.internal.tasks.DefaultTaskContainer$TaskCreatingProvider.tryCreate(DefaultTaskContainer.java:678)
	at org.gradle.api.internal.DefaultNamedDomainObjectCollection$AbstractDomainObjectCreatingProvider.calculateOwnValue(DefaultNamedDomainObjectCollection.java:991)
	at org.gradle.api.internal.provider.AbstractMinimalProvider.calculateValue(AbstractMinimalProvider.java:115)
	at org.gradle.api.internal.provider.FlatMapProvider.backingProvider(FlatMapProvider.java:72)
	at org.gradle.api.internal.provider.FlatMapProvider.getProducer(FlatMapProvider.java:82)
	at org.gradle.api.internal.provider.TransformBackedProvider.getProducer(TransformBackedProvider.java:59)
	at org.gradle.api.internal.provider.AbstractProperty.getProducer(AbstractProperty.java:218)
	at org.gradle.api.internal.provider.AbstractProperty.getProducer(AbstractProperty.java:218)
	at org.gradle.api.internal.provider.AbstractProperty.getProducer(AbstractProperty.java:218)
	at org.gradle.api.internal.file.collections.ProviderBackedFileCollection.visitDependencies(ProviderBackedFileCollection.java:51)
	at org.gradle.api.internal.tasks.CachingTaskDependencyResolveContext$TaskGraphImpl.getNodeValues(CachingTaskDependencyResolveContext.java:108)
	at org.gradle.internal.graph.CachingDirectedGraphWalker$GraphWithEmptyEdges.getNodeValues(CachingDirectedGraphWalker.java:213)
	at org.gradle.internal.graph.CachingDirectedGraphWalker.doSearch(CachingDirectedGraphWalker.java:121)
	at org.gradle.internal.graph.CachingDirectedGraphWalker.findValues(CachingDirectedGraphWalker.java:73)
	at org.gradle.api.internal.tasks.CachingTaskDependencyResolveContext.getDependencies(CachingTaskDependencyResolveContext.java:67)
	at org.gradle.execution.plan.TaskDependencyResolver.resolveDependenciesFor(TaskDependencyResolver.java:49)
	at org.gradle.execution.plan.LocalTaskNode.getDependencies(LocalTaskNode.java:148)
	at org.gradle.execution.plan.LocalTaskNode.resolveDependencies(LocalTaskNode.java:122)
	at org.gradle.execution.plan.DefaultExecutionPlan.discoverNodeRelationships(DefaultExecutionPlan.java:182)
	at org.gradle.execution.plan.DefaultExecutionPlan.doAddEntryNodes(DefaultExecutionPlan.java:154)
	at org.gradle.execution.plan.DefaultExecutionPlan.addEntryTasks(DefaultExecutionPlan.java:129)
	at org.gradle.execution.plan.DefaultExecutionPlan.addEntryTasks(DefaultExecutionPlan.java:121)
	at org.gradle.execution.TaskNameResolvingBuildTaskScheduler.scheduleRequestedTasks(TaskNameResolvingBuildTaskScheduler.java:54)
	at org.gradle.execution.DefaultTasksBuildTaskScheduler.scheduleRequestedTasks(DefaultTasksBuildTaskScheduler.java:72)
	at org.gradle.initialization.DefaultTaskExecutionPreparer.lambda$scheduleRequestedTasks$0(DefaultTaskExecutionPreparer.java:46)
	at org.gradle.internal.Factories$1.create(Factories.java:31)
	at org.gradle.internal.work.DefaultWorkerLeaseService.withReplacedLocks(DefaultWorkerLeaseService.java:360)
	at org.gradle.api.internal.project.DefaultProjectStateRegistry$DefaultBuildProjectRegistry.withMutableStateOfAllProjects(DefaultProjectStateRegistry.java:240)
	at org.gradle.api.internal.project.DefaultProjectStateRegistry$DefaultBuildProjectRegistry.withMutableStateOfAllProjects(DefaultProjectStateRegistry.java:233)
	at org.gradle.initialization.DefaultTaskExecutionPreparer.scheduleRequestedTasks(DefaultTaskExecutionPreparer.java:45)
	at org.gradle.initialization.VintageBuildModelController.lambda$scheduleRequestedTasks$0(VintageBuildModelController.java:76)
	at org.gradle.internal.model.StateTransitionController.lambda$inState$1(StateTransitionController.java:99)
	at org.gradle.internal.model.StateTransitionController.lambda$inState$2(StateTransitionController.java:114)
	at org.gradle.internal.work.DefaultSynchronizer.withLock(DefaultSynchronizer.java:44)
	at org.gradle.internal.model.StateTransitionController.inState(StateTransitionController.java:110)
	at org.gradle.internal.model.StateTransitionController.inState(StateTransitionController.java:98)
	at org.gradle.initialization.VintageBuildModelController.scheduleRequestedTasks(VintageBuildModelController.java:76)
	at org.gradle.internal.build.DefaultBuildLifecycleController$DefaultWorkGraphBuilder.addRequestedTasks(DefaultBuildLifecycleController.java:404)
	at org.gradle.internal.buildtree.DefaultBuildTreeWorkPreparer.lambda$scheduleRequestedTasks$0(DefaultBuildTreeWorkPreparer.java:41)
	at org.gradle.internal.build.DefaultBuildLifecycleController.lambda$populateWorkGraph$7(DefaultBuildLifecycleController.java:189)
	at org.gradle.internal.build.DefaultBuildWorkPreparer.populateWorkGraph(DefaultBuildWorkPreparer.java:42)
	at org.gradle.internal.build.BuildOperationFiringBuildWorkPreparer$PopulateWorkGraph.populateTaskGraph(BuildOperationFiringBuildWorkPreparer.java:106)
	at org.gradle.internal.build.BuildOperationFiringBuildWorkPreparer$PopulateWorkGraph.run(BuildOperationFiringBuildWorkPreparer.java:92)
	at org.gradle.internal.operations.DefaultBuildOperationRunner$1.execute(DefaultBuildOperationRunner.java:29)
	at org.gradle.internal.operations.DefaultBuildOperationRunner$1.execute(DefaultBuildOperationRunner.java:26)
	at org.gradle.internal.operations.DefaultBuildOperationRunner$2.execute(DefaultBuildOperationRunner.java:66)
	at org.gradle.internal.operations.DefaultBuildOperationRunner$2.execute(DefaultBuildOperationRunner.java:59)
	at org.gradle.internal.operations.DefaultBuildOperationRunner.execute(DefaultBuildOperationRunner.java:166)
	at org.gradle.internal.operations.DefaultBuildOperationRunner.execute(DefaultBuildOperationRunner.java:59)
	at org.gradle.internal.operations.DefaultBuildOperationRunner.run(DefaultBuildOperationRunner.java:47)
	at org.gradle.internal.build.BuildOperationFiringBuildWorkPreparer.populateWorkGraph(BuildOperationFiringBuildWorkPreparer.java:67)
	at org.gradle.internal.build.DefaultBuildLifecycleController.lambda$populateWorkGraph$8(DefaultBuildLifecycleController.java:189)
	at org.gradle.internal.model.StateTransitionController.lambda$inState$1(StateTransitionController.java:99)
	at org.gradle.internal.model.StateTransitionController.lambda$inState$2(StateTransitionController.java:114)
	at org.gradle.internal.work.DefaultSynchronizer.withLock(DefaultSynchronizer.java:44)
	at org.gradle.internal.model.StateTransitionController.inState(StateTransitionController.java:110)
	at org.gradle.internal.model.StateTransitionController.inState(StateTransitionController.java:98)
	at org.gradle.internal.build.DefaultBuildLifecycleController.populateWorkGraph(DefaultBuildLifecycleController.java:189)
	at org.gradle.internal.build.DefaultBuildWorkGraphController$DefaultBuildWorkGraph.populateWorkGraph(DefaultBuildWorkGraphController.java:169)
	at org.gradle.composite.internal.DefaultBuildController.populateWorkGraph(DefaultBuildController.java:76)
	at org.gradle.composite.internal.DefaultIncludedBuildTaskGraph$DefaultBuildTreeWorkGraphBuilder.withWorkGraph(DefaultIncludedBuildTaskGraph.java:153)
	at org.gradle.internal.buildtree.DefaultBuildTreeWorkPreparer.lambda$scheduleRequestedTasks$1(DefaultBuildTreeWorkPreparer.java:41)
	at org.gradle.composite.internal.DefaultIncludedBuildTaskGraph$DefaultBuildTreeWorkGraph$1.run(DefaultIncludedBuildTaskGraph.java:209)
	at org.gradle.internal.operations.DefaultBuildOperationRunner$1.execute(DefaultBuildOperationRunner.java:29)
	at org.gradle.internal.operations.DefaultBuildOperationRunner$1.execute(DefaultBuildOperationRunner.java:26)
	at org.gradle.internal.operations.DefaultBuildOperationRunner$2.execute(DefaultBuildOperationRunner.java:66)
	at org.gradle.internal.operations.DefaultBuildOperationRunner$2.execute(DefaultBuildOperationRunner.java:59)
	at org.gradle.internal.operations.DefaultBuildOperationRunner.execute(DefaultBuildOperationRunner.java:166)
	at org.gradle.internal.operations.DefaultBuildOperationRunner.execute(DefaultBuildOperationRunner.java:59)
	at org.gradle.internal.operations.DefaultBuildOperationRunner.run(DefaultBuildOperationRunner.java:47)
	at org.gradle.composite.internal.DefaultIncludedBuildTaskGraph$DefaultBuildTreeWorkGraph.scheduleWork(DefaultIncludedBuildTaskGraph.java:204)
	at org.gradle.internal.buildtree.DefaultBuildTreeWorkPreparer.scheduleRequestedTasks(DefaultBuildTreeWorkPreparer.java:37)
	at org.gradle.configurationcache.VintageBuildTreeWorkController$scheduleAndRunRequestedTasks$1.apply(VintageBuildTreeWorkController.kt:36)
	at org.gradle.configurationcache.VintageBuildTreeWorkController$scheduleAndRunRequestedTasks$1.apply(VintageBuildTreeWorkController.kt:35)
	at org.gradle.composite.internal.DefaultIncludedBuildTaskGraph.withNewWorkGraph(DefaultIncludedBuildTaskGraph.java:112)
	at org.gradle.configurationcache.VintageBuildTreeWorkController.scheduleAndRunRequestedTasks(VintageBuildTreeWorkController.kt:35)
	at org.gradle.internal.buildtree.DefaultBuildTreeLifecycleController.lambda$scheduleAndRunTasks$1(DefaultBuildTreeLifecycleController.java:77)
	at org.gradle.internal.buildtree.DefaultBuildTreeLifecycleController.lambda$runBuild$4(DefaultBuildTreeLifecycleController.java:120)
	at org.gradle.internal.model.StateTransitionController.lambda$transition$6(StateTransitionController.java:169)
	at org.gradle.internal.model.StateTransitionController.doTransition(StateTransitionController.java:266)
	at org.gradle.internal.model.StateTransitionController.lambda$transition$7(StateTransitionController.java:169)
	at org.gradle.internal.work.DefaultSynchronizer.withLock(DefaultSynchronizer.java:44)
	at org.gradle.internal.model.StateTransitionController.transition(StateTransitionController.java:169)
	at org.gradle.internal.buildtree.DefaultBuildTreeLifecycleController.runBuild(DefaultBuildTreeLifecycleController.java:117)
	at org.gradle.internal.buildtree.DefaultBuildTreeLifecycleController.scheduleAndRunTasks(DefaultBuildTreeLifecycleController.java:77)
	at org.gradle.internal.buildtree.DefaultBuildTreeLifecycleController.scheduleAndRunTasks(DefaultBuildTreeLifecycleController.java:72)
	at org.gradle.tooling.internal.provider.ExecuteBuildActionRunner.run(ExecuteBuildActionRunner.java:31)
	at org.gradle.launcher.exec.ChainingBuildActionRunner.run(ChainingBuildActionRunner.java:35)
	at org.gradle.internal.buildtree.ProblemReportingBuildActionRunner.run(ProblemReportingBuildActionRunner.java:49)
	at org.gradle.launcher.exec.BuildOutcomeReportingBuildActionRunner.run(BuildOutcomeReportingBuildActionRunner.java:65)
	at org.gradle.tooling.internal.provider.FileSystemWatchingBuildActionRunner.run(FileSystemWatchingBuildActionRunner.java:140)
	at org.gradle.launcher.exec.BuildCompletionNotifyingBuildActionRunner.run(BuildCompletionNotifyingBuildActionRunner.java:41)
	at org.gradle.launcher.exec.RootBuildLifecycleBuildActionExecutor.lambda$execute$0(RootBuildLifecycleBuildActionExecutor.java:40)
	at org.gradle.composite.internal.DefaultRootBuildState.run(DefaultRootBuildState.java:123)
	at org.gradle.launcher.exec.RootBuildLifecycleBuildActionExecutor.execute(RootBuildLifecycleBuildActionExecutor.java:40)
	at org.gradle.internal.buildtree.InitDeprecationLoggingActionExecutor.execute(InitDeprecationLoggingActionExecutor.java:66)
	at org.gradle.internal.buildtree.InitProblems.execute(InitProblems.java:36)
	at org.gradle.internal.buildtree.DefaultBuildTreeContext.execute(DefaultBuildTreeContext.java:40)
	at org.gradle.launcher.exec.BuildTreeLifecycleBuildActionExecutor.lambda$execute$0(BuildTreeLifecycleBuildActionExecutor.java:71)
	at org.gradle.internal.buildtree.BuildTreeState.run(BuildTreeState.java:60)
	at org.gradle.launcher.exec.BuildTreeLifecycleBuildActionExecutor.execute(BuildTreeLifecycleBuildActionExecutor.java:71)
	at org.gradle.launcher.exec.RunAsBuildOperationBuildActionExecutor$3.call(RunAsBuildOperationBuildActionExecutor.java:61)
	at org.gradle.launcher.exec.RunAsBuildOperationBuildActionExecutor$3.call(RunAsBuildOperationBuildActionExecutor.java:57)
	at org.gradle.internal.operations.DefaultBuildOperationRunner$CallableBuildOperationWorker.execute(DefaultBuildOperationRunner.java:209)
	at org.gradle.internal.operations.DefaultBuildOperationRunner$CallableBuildOperationWorker.execute(DefaultBuildOperationRunner.java:204)
	at org.gradle.internal.operations.DefaultBuildOperationRunner$2.execute(DefaultBuildOperationRunner.java:66)
	at org.gradle.internal.operations.DefaultBuildOperationRunner$2.execute(DefaultBuildOperationRunner.java:59)
	at org.gradle.internal.operations.DefaultBuildOperationRunner.execute(DefaultBuildOperationRunner.java:166)
	at org.gradle.internal.operations.DefaultBuildOperationRunner.execute(DefaultBuildOperationRunner.java:59)
	at org.gradle.internal.operations.DefaultBuildOperationRunner.call(DefaultBuildOperationRunner.java:53)
	at org.gradle.launcher.exec.RunAsBuildOperationBuildActionExecutor.execute(RunAsBuildOperationBuildActionExecutor.java:57)
	at org.gradle.launcher.exec.RunAsWorkerThreadBuildActionExecutor.lambda$execute$0(RunAsWorkerThreadBuildActionExecutor.java:36)
	at org.gradle.internal.work.DefaultWorkerLeaseService.withLocks(DefaultWorkerLeaseService.java:264)
	at org.gradle.internal.work.DefaultWorkerLeaseService.runAsWorkerThread(DefaultWorkerLeaseService.java:128)
	at org.gradle.launcher.exec.RunAsWorkerThreadBuildActionExecutor.execute(RunAsWorkerThreadBuildActionExecutor.java:36)
	at org.gradle.tooling.internal.provider.continuous.ContinuousBuildActionExecutor.execute(ContinuousBuildActionExecutor.java:110)
	at org.gradle.tooling.internal.provider.SubscribableBuildActionExecutor.execute(SubscribableBuildActionExecutor.java:64)
	at org.gradle.internal.session.DefaultBuildSessionContext.execute(DefaultBuildSessionContext.java:46)
	at org.gradle.tooling.internal.provider.BuildSessionLifecycleBuildActionExecuter$ActionImpl.apply(BuildSessionLifecycleBuildActionExecuter.java:92)
	at org.gradle.tooling.internal.provider.BuildSessionLifecycleBuildActionExecuter$ActionImpl.apply(BuildSessionLifecycleBuildActionExecuter.java:80)
	at org.gradle.internal.session.BuildSessionState.run(BuildSessionState.java:71)
	at org.gradle.tooling.internal.provider.BuildSessionLifecycleBuildActionExecuter.execute(BuildSessionLifecycleBuildActionExecuter.java:62)
	at org.gradle.tooling.internal.provider.BuildSessionLifecycleBuildActionExecuter.execute(BuildSessionLifecycleBuildActionExecuter.java:41)
	at org.gradle.tooling.internal.provider.StartParamsValidatingActionExecuter.execute(StartParamsValidatingActionExecuter.java:64)
	at org.gradle.tooling.internal.provider.StartParamsValidatingActionExecuter.execute(StartParamsValidatingActionExecuter.java:32)
	at org.gradle.tooling.internal.provider.SessionFailureReportingActionExecuter.execute(SessionFailureReportingActionExecuter.java:51)
	at org.gradle.tooling.internal.provider.SessionFailureReportingActionExecuter.execute(SessionFailureReportingActionExecuter.java:39)
	at org.gradle.tooling.internal.provider.SetupLoggingActionExecuter.execute(SetupLoggingActionExecuter.java:47)
	at org.gradle.tooling.internal.provider.SetupLoggingActionExecuter.execute(SetupLoggingActionExecuter.java:31)
	at org.gradle.launcher.daemon.server.exec.ExecuteBuild.doBuild(ExecuteBuild.java:65)
	at org.gradle.launcher.daemon.server.exec.BuildCommandOnly.execute(BuildCommandOnly.java:37)
	at org.gradle.launcher.daemon.server.api.DaemonCommandExecution.proceed(DaemonCommandExecution.java:104)
	at org.gradle.launcher.daemon.server.exec.WatchForDisconnection.execute(WatchForDisconnection.java:39)
	at org.gradle.launcher.daemon.server.api.DaemonCommandExecution.proceed(DaemonCommandExecution.java:104)
	at org.gradle.launcher.daemon.server.exec.ResetDeprecationLogger.execute(ResetDeprecationLogger.java:29)
	at org.gradle.launcher.daemon.server.api.DaemonCommandExecution.proceed(DaemonCommandExecution.java:104)
	at org.gradle.launcher.daemon.server.exec.RequestStopIfSingleUsedDaemon.execute(RequestStopIfSingleUsedDaemon.java:35)
	at org.gradle.launcher.daemon.server.api.DaemonCommandExecution.proceed(DaemonCommandExecution.java:104)
	at org.gradle.launcher.daemon.server.exec.ForwardClientInput.lambda$execute$0(ForwardClientInput.java:39)
	at org.gradle.launcher.daemon.server.clientinput.ClientInputForwarder.forwardInput(ClientInputForwarder.java:88)
	at org.gradle.launcher.daemon.server.exec.ForwardClientInput.execute(ForwardClientInput.java:36)
	at org.gradle.launcher.daemon.server.api.DaemonCommandExecution.proceed(DaemonCommandExecution.java:104)
	at org.gradle.launcher.daemon.server.exec.LogAndCheckHealth.execute(LogAndCheckHealth.java:64)
	at org.gradle.launcher.daemon.server.api.DaemonCommandExecution.proceed(DaemonCommandExecution.java:104)
	at org.gradle.launcher.daemon.server.exec.LogToClient.doBuild(LogToClient.java:63)
	at org.gradle.launcher.daemon.server.exec.BuildCommandOnly.execute(BuildCommandOnly.java:37)
	at org.gradle.launcher.daemon.server.api.DaemonCommandExecution.proceed(DaemonCommandExecution.java:104)
	at org.gradle.launcher.daemon.server.exec.EstablishBuildEnvironment.doBuild(EstablishBuildEnvironment.java:84)
	at org.gradle.launcher.daemon.server.exec.BuildCommandOnly.execute(BuildCommandOnly.java:37)
	at org.gradle.launcher.daemon.server.api.DaemonCommandExecution.proceed(DaemonCommandExecution.java:104)
	at org.gradle.launcher.daemon.server.exec.StartBuildOrRespondWithBusy$1.run(StartBuildOrRespondWithBusy.java:52)
	at org.gradle.launcher.daemon.server.DaemonStateCoordinator$1.run(DaemonStateCoordinator.java:297)
	at org.gradle.internal.concurrent.ExecutorPolicy$CatchAndRecordFailures.onExecute(ExecutorPolicy.java:64)
	at org.gradle.internal.concurrent.AbstractManagedExecutor$1.run(AbstractManagedExecutor.java:47)
	at java.base/java.util.concurrent.ThreadPoolExecutor.runWorker(ThreadPoolExecutor.java:1144)
	at java.base/java.util.concurrent.ThreadPoolExecutor$Worker.run(ThreadPoolExecutor.java:642)
	at java.base/java.lang.Thread.run(Thread.java:1583)

> Task :app:buildKotlinToolingMetadata UP-TO-DATE
> Task :app:checkKotlinGradlePluginConfigurationErrors
> Task :app:generateCodegenSchemaFromJavaScript SKIPPED
> Task :app:generateCodegenArtifactsFromSchema SKIPPED
> Task :app:generatePackageList
> Task :app:preBuild
> Task :app:preReleaseBuild
> Task :app:generateReleaseBuildConfig UP-TO-DATE
> Task :expo:generateExpoModulesPackageListTask UP-TO-DATE
> Task :expo:preBuild UP-TO-DATE
> Task :expo:preReleaseBuild UP-TO-DATE
> Task :expo:writeReleaseAarMetadata UP-TO-DATE
> Task :expo-application:preBuild UP-TO-DATE
> Task :expo-application:preReleaseBuild UP-TO-DATE
> Task :expo-application:writeReleaseAarMetadata UP-TO-DATE
> Task :expo-asset:preBuild UP-TO-DATE
> Task :expo-asset:preReleaseBuild UP-TO-DATE
> Task :expo-asset:writeReleaseAarMetadata UP-TO-DATE
> Task :expo-camera:preBuild UP-TO-DATE
> Task :expo-camera:preReleaseBuild UP-TO-DATE
> Task :expo-camera:writeReleaseAarMetadata UP-TO-DATE
> Task :expo-constants:createExpoConfig UP-TO-DATE
> Task :expo-constants:preBuild UP-TO-DATE
> Task :expo-constants:preReleaseBuild UP-TO-DATE
> Task :expo-constants:writeReleaseAarMetadata UP-TO-DATE
> Task :expo-crypto:preBuild UP-TO-DATE
> Task :expo-crypto:preReleaseBuild UP-TO-DATE
> Task :expo-crypto:writeReleaseAarMetadata UP-TO-DATE
> Task :expo-file-system:preBuild UP-TO-DATE
> Task :expo-file-system:preReleaseBuild UP-TO-DATE
> Task :expo-file-system:writeReleaseAarMetadata UP-TO-DATE
> Task :expo-font:preBuild UP-TO-DATE
> Task :expo-font:preReleaseBuild UP-TO-DATE
> Task :expo-font:writeReleaseAarMetadata UP-TO-DATE
> Task :expo-image-loader:preBuild UP-TO-DATE
> Task :expo-image-loader:preReleaseBuild UP-TO-DATE
> Task :expo-image-loader:writeReleaseAarMetadata UP-TO-DATE
> Task :expo-image-picker:preBuild UP-TO-DATE
> Task :expo-image-picker:preReleaseBuild UP-TO-DATE
> Task :expo-image-picker:writeReleaseAarMetadata UP-TO-DATE
> Task :expo-keep-awake:preBuild UP-TO-DATE
> Task :expo-keep-awake:preReleaseBuild UP-TO-DATE
> Task :expo-keep-awake:writeReleaseAarMetadata UP-TO-DATE
> Task :expo-linear-gradient:preBuild UP-TO-DATE
> Task :expo-linear-gradient:preReleaseBuild UP-TO-DATE
> Task :expo-linear-gradient:writeReleaseAarMetadata UP-TO-DATE
> Task :expo-media-library:preBuild UP-TO-DATE
> Task :expo-media-library:preReleaseBuild UP-TO-DATE
> Task :expo-media-library:writeReleaseAarMetadata UP-TO-DATE
> Task :expo-modules-core:preBuild UP-TO-DATE
> Task :expo-modules-core:preReleaseBuild UP-TO-DATE
> Task :expo-modules-core:writeReleaseAarMetadata UP-TO-DATE
> Task :expo-notifications:preBuild UP-TO-DATE
> Task :expo-notifications:preReleaseBuild UP-TO-DATE
> Task :expo-notifications:writeReleaseAarMetadata UP-TO-DATE
> Task :expo-splash-screen:preBuild UP-TO-DATE
> Task :expo-splash-screen:preReleaseBuild UP-TO-DATE
> Task :expo-splash-screen:writeReleaseAarMetadata UP-TO-DATE
> Task :expo-web-browser:preBuild UP-TO-DATE
> Task :expo-web-browser:preReleaseBuild UP-TO-DATE
> Task :expo-web-browser:writeReleaseAarMetadata UP-TO-DATE
> Task :react-native-async-storage_async-storage:preBuild UP-TO-DATE
> Task :react-native-async-storage_async-storage:preReleaseBuild UP-TO-DATE
> Task :react-native-async-storage_async-storage:writeReleaseAarMetadata UP-TO-DATE
> Task :react-native-gesture-handler:preBuild UP-TO-DATE
> Task :react-native-gesture-handler:preReleaseBuild UP-TO-DATE
> Task :react-native-gesture-handler:writeReleaseAarMetadata UP-TO-DATE
> Task :react-native-reanimated:assertLatestReactNativeWithNewArchitectureTask SKIPPED
> Task :react-native-reanimated:assertMinimalReactNativeVersionTask SKIPPED
> Task :react-native-reanimated:prepareHeadersForPrefab UP-TO-DATE
> Task :react-native-reanimated:preBuild UP-TO-DATE
> Task :react-native-reanimated:preReleaseBuild UP-TO-DATE
> Task :react-native-reanimated:writeReleaseAarMetadata UP-TO-DATE
> Task :react-native-safe-area-context:preBuild UP-TO-DATE
> Task :react-native-safe-area-context:preReleaseBuild UP-TO-DATE
> Task :react-native-safe-area-context:writeReleaseAarMetadata UP-TO-DATE
> Task :react-native-screens:preBuild UP-TO-DATE
> Task :react-native-screens:preReleaseBuild UP-TO-DATE
> Task :react-native-screens:writeReleaseAarMetadata UP-TO-DATE
> Task :react-native-svg:preBuild UP-TO-DATE
> Task :react-native-svg:preReleaseBuild UP-TO-DATE
> Task :react-native-svg:writeReleaseAarMetadata UP-TO-DATE
> Task :app:checkReleaseAarMetadata UP-TO-DATE
> Task :app:createBundleReleaseJsAndAssets UP-TO-DATE
> Task :app:generateReleaseResValues UP-TO-DATE
> Task :expo:generateReleaseResValues UP-TO-DATE
> Task :expo:generateReleaseResources UP-TO-DATE
> Task :expo:packageReleaseResources UP-TO-DATE
> Task :expo-application:generateReleaseResValues UP-TO-DATE
> Task :expo-application:generateReleaseResources UP-TO-DATE
> Task :expo-application:packageReleaseResources UP-TO-DATE
> Task :expo-asset:generateReleaseResValues UP-TO-DATE
> Task :expo-asset:generateReleaseResources UP-TO-DATE
> Task :expo-asset:packageReleaseResources UP-TO-DATE
> Task :expo-camera:generateReleaseResValues UP-TO-DATE
> Task :expo-camera:generateReleaseResources UP-TO-DATE
> Task :expo-camera:packageReleaseResources UP-TO-DATE
> Task :expo-constants:generateReleaseResValues UP-TO-DATE
> Task :expo-constants:generateReleaseResources UP-TO-DATE
> Task :expo-constants:packageReleaseResources UP-TO-DATE
> Task :expo-crypto:generateReleaseResValues UP-TO-DATE
> Task :expo-crypto:generateReleaseResources UP-TO-DATE
> Task :expo-crypto:packageReleaseResources UP-TO-DATE
> Task :expo-file-system:generateReleaseResValues UP-TO-DATE
> Task :expo-file-system:generateReleaseResources UP-TO-DATE
> Task :expo-file-system:packageReleaseResources UP-TO-DATE
> Task :expo-font:generateReleaseResValues UP-TO-DATE
> Task :expo-font:generateReleaseResources UP-TO-DATE
> Task :expo-font:packageReleaseResources UP-TO-DATE
> Task :expo-image-loader:generateReleaseResValues UP-TO-DATE
> Task :expo-image-loader:generateReleaseResources UP-TO-DATE
> Task :expo-image-loader:packageReleaseResources UP-TO-DATE
> Task :expo-image-picker:generateReleaseResValues UP-TO-DATE
> Task :expo-image-picker:generateReleaseResources UP-TO-DATE
> Task :expo-image-picker:packageReleaseResources UP-TO-DATE
> Task :expo-keep-awake:generateReleaseResValues UP-TO-DATE
> Task :expo-keep-awake:generateReleaseResources UP-TO-DATE
> Task :expo-keep-awake:packageReleaseResources UP-TO-DATE
> Task :expo-linear-gradient:generateReleaseResValues UP-TO-DATE
> Task :expo-linear-gradient:generateReleaseResources UP-TO-DATE
> Task :expo-linear-gradient:packageReleaseResources UP-TO-DATE
> Task :expo-media-library:generateReleaseResValues UP-TO-DATE
> Task :expo-media-library:generateReleaseResources UP-TO-DATE
> Task :expo-media-library:packageReleaseResources UP-TO-DATE
> Task :expo-modules-core:generateReleaseResValues UP-TO-DATE
> Task :expo-modules-core:generateReleaseResources UP-TO-DATE
> Task :expo-modules-core:packageReleaseResources UP-TO-DATE
> Task :expo-notifications:generateReleaseResValues UP-TO-DATE
> Task :expo-notifications:generateReleaseResources UP-TO-DATE
> Task :expo-notifications:packageReleaseResources UP-TO-DATE
> Task :expo-splash-screen:generateReleaseResValues UP-TO-DATE
> Task :expo-splash-screen:generateReleaseResources UP-TO-DATE
> Task :expo-splash-screen:packageReleaseResources UP-TO-DATE
> Task :expo-web-browser:generateReleaseResValues UP-TO-DATE
> Task :expo-web-browser:generateReleaseResources UP-TO-DATE
> Task :expo-web-browser:packageReleaseResources UP-TO-DATE
> Task :react-native-async-storage_async-storage:generateReleaseResValues UP-TO-DATE
> Task :react-native-async-storage_async-storage:generateReleaseResources UP-TO-DATE
> Task :react-native-async-storage_async-storage:packageReleaseResources UP-TO-DATE
> Task :react-native-gesture-handler:generateReleaseResValues UP-TO-DATE
> Task :react-native-gesture-handler:generateReleaseResources UP-TO-DATE
> Task :react-native-gesture-handler:packageReleaseResources UP-TO-DATE
> Task :react-native-reanimated:generateReleaseResValues UP-TO-DATE
> Task :react-native-reanimated:generateReleaseResources UP-TO-DATE
> Task :react-native-reanimated:packageReleaseResources UP-TO-DATE
> Task :react-native-safe-area-context:generateReleaseResValues UP-TO-DATE
> Task :react-native-safe-area-context:generateReleaseResources UP-TO-DATE
> Task :react-native-safe-area-context:packageReleaseResources UP-TO-DATE
> Task :react-native-screens:generateReleaseResValues UP-TO-DATE
> Task :react-native-screens:generateReleaseResources UP-TO-DATE
> Task :react-native-screens:packageReleaseResources UP-TO-DATE
> Task :react-native-svg:generateReleaseResValues UP-TO-DATE
> Task :react-native-svg:generateReleaseResources UP-TO-DATE
> Task :react-native-svg:packageReleaseResources UP-TO-DATE
> Task :app:mapReleaseSourceSetPaths UP-TO-DATE
> Task :app:generateReleaseResources UP-TO-DATE
> Task :app:mergeReleaseResources UP-TO-DATE
> Task :app:packageReleaseResources UP-TO-DATE
> Task :app:parseReleaseLocalResources UP-TO-DATE
> Task :app:createReleaseCompatibleScreenManifests UP-TO-DATE
> Task :app:extractDeepLinksRelease UP-TO-DATE
> Task :expo:extractDeepLinksRelease UP-TO-DATE
> Task :expo:processReleaseManifest UP-TO-DATE
> Task :expo-application:extractDeepLinksRelease UP-TO-DATE
> Task :expo-application:processReleaseManifest UP-TO-DATE
> Task :expo-asset:extractDeepLinksRelease UP-TO-DATE
> Task :expo-asset:processReleaseManifest UP-TO-DATE
> Task :expo-camera:extractDeepLinksRelease UP-TO-DATE
> Task :expo-camera:processReleaseManifest UP-TO-DATE
> Task :expo-constants:extractDeepLinksRelease UP-TO-DATE
> Task :expo-constants:processReleaseManifest UP-TO-DATE
> Task :expo-crypto:extractDeepLinksRelease UP-TO-DATE
> Task :expo-crypto:processReleaseManifest UP-TO-DATE
> Task :expo-file-system:extractDeepLinksRelease UP-TO-DATE
> Task :expo-file-system:processReleaseManifest UP-TO-DATE
> Task :expo-font:extractDeepLinksRelease UP-TO-DATE
> Task :expo-font:processReleaseManifest UP-TO-DATE
> Task :expo-image-loader:extractDeepLinksRelease UP-TO-DATE
> Task :expo-image-loader:processReleaseManifest UP-TO-DATE
> Task :expo-image-picker:extractDeepLinksRelease UP-TO-DATE
> Task :expo-image-picker:processReleaseManifest UP-TO-DATE
> Task :expo-keep-awake:extractDeepLinksRelease UP-TO-DATE
> Task :expo-keep-awake:processReleaseManifest UP-TO-DATE
> Task :expo-linear-gradient:extractDeepLinksRelease UP-TO-DATE
> Task :expo-linear-gradient:processReleaseManifest UP-TO-DATE
> Task :expo-media-library:extractDeepLinksRelease UP-TO-DATE
> Task :expo-media-library:processReleaseManifest UP-TO-DATE
> Task :expo-modules-core:extractDeepLinksRelease UP-TO-DATE
> Task :expo-modules-core:processReleaseManifest UP-TO-DATE
> Task :expo-notifications:extractDeepLinksRelease UP-TO-DATE
> Task :expo-notifications:processReleaseManifest UP-TO-DATE
> Task :expo-splash-screen:extractDeepLinksRelease UP-TO-DATE
> Task :expo-splash-screen:processReleaseManifest UP-TO-DATE
> Task :expo-web-browser:extractDeepLinksRelease UP-TO-DATE
> Task :expo-web-browser:processReleaseManifest UP-TO-DATE
> Task :react-native-async-storage_async-storage:extractDeepLinksRelease UP-TO-DATE
> Task :react-native-async-storage_async-storage:processReleaseManifest UP-TO-DATE
> Task :react-native-gesture-handler:extractDeepLinksRelease UP-TO-DATE
> Task :react-native-gesture-handler:processReleaseManifest UP-TO-DATE
> Task :react-native-reanimated:extractDeepLinksRelease UP-TO-DATE
> Task :react-native-reanimated:processReleaseManifest UP-TO-DATE
> Task :react-native-safe-area-context:extractDeepLinksRelease UP-TO-DATE
> Task :react-native-safe-area-context:processReleaseManifest UP-TO-DATE
> Task :react-native-screens:extractDeepLinksRelease UP-TO-DATE
> Task :react-native-screens:processReleaseManifest UP-TO-DATE
> Task :react-native-svg:extractDeepLinksRelease UP-TO-DATE
> Task :react-native-svg:processReleaseManifest UP-TO-DATE
> Task :app:processReleaseMainManifest UP-TO-DATE
> Task :app:processReleaseManifest UP-TO-DATE
> Task :app:processReleaseManifestForPackage UP-TO-DATE
> Task :expo:compileReleaseLibraryResources UP-TO-DATE
> Task :expo:parseReleaseLocalResources UP-TO-DATE
> Task :expo:generateReleaseRFile UP-TO-DATE
> Task :expo-application:compileReleaseLibraryResources UP-TO-DATE
> Task :expo-application:parseReleaseLocalResources UP-TO-DATE
> Task :expo-application:generateReleaseRFile UP-TO-DATE
> Task :expo-asset:compileReleaseLibraryResources UP-TO-DATE
> Task :expo-asset:parseReleaseLocalResources UP-TO-DATE
> Task :expo-asset:generateReleaseRFile UP-TO-DATE
> Task :expo-camera:compileReleaseLibraryResources UP-TO-DATE
> Task :expo-camera:parseReleaseLocalResources UP-TO-DATE
> Task :expo-camera:generateReleaseRFile UP-TO-DATE
> Task :expo-constants:compileReleaseLibraryResources UP-TO-DATE
> Task :expo-constants:parseReleaseLocalResources UP-TO-DATE
> Task :expo-constants:generateReleaseRFile UP-TO-DATE
> Task :expo-crypto:compileReleaseLibraryResources UP-TO-DATE
> Task :expo-crypto:parseReleaseLocalResources UP-TO-DATE
> Task :expo-crypto:generateReleaseRFile UP-TO-DATE
> Task :expo-file-system:compileReleaseLibraryResources UP-TO-DATE
> Task :expo-file-system:parseReleaseLocalResources UP-TO-DATE
> Task :expo-file-system:generateReleaseRFile UP-TO-DATE
> Task :expo-font:compileReleaseLibraryResources UP-TO-DATE
> Task :expo-font:parseReleaseLocalResources UP-TO-DATE
> Task :expo-font:generateReleaseRFile UP-TO-DATE
> Task :expo-image-loader:compileReleaseLibraryResources UP-TO-DATE
> Task :expo-image-loader:parseReleaseLocalResources UP-TO-DATE
> Task :expo-image-loader:generateReleaseRFile UP-TO-DATE
> Task :expo-image-picker:compileReleaseLibraryResources UP-TO-DATE
> Task :expo-image-picker:parseReleaseLocalResources UP-TO-DATE
> Task :expo-image-picker:generateReleaseRFile UP-TO-DATE
> Task :expo-keep-awake:compileReleaseLibraryResources UP-TO-DATE
> Task :expo-keep-awake:parseReleaseLocalResources UP-TO-DATE
> Task :expo-keep-awake:generateReleaseRFile UP-TO-DATE
> Task :expo-linear-gradient:compileReleaseLibraryResources UP-TO-DATE
> Task :expo-linear-gradient:parseReleaseLocalResources UP-TO-DATE
> Task :expo-linear-gradient:generateReleaseRFile UP-TO-DATE
> Task :expo-media-library:compileReleaseLibraryResources UP-TO-DATE
> Task :expo-media-library:parseReleaseLocalResources UP-TO-DATE
> Task :expo-media-library:generateReleaseRFile UP-TO-DATE
> Task :expo-modules-core:compileReleaseLibraryResources UP-TO-DATE
> Task :expo-modules-core:parseReleaseLocalResources UP-TO-DATE
> Task :expo-modules-core:generateReleaseRFile UP-TO-DATE
> Task :expo-notifications:compileReleaseLibraryResources UP-TO-DATE
> Task :expo-notifications:parseReleaseLocalResources UP-TO-DATE
> Task :expo-notifications:generateReleaseRFile UP-TO-DATE
> Task :expo-splash-screen:compileReleaseLibraryResources UP-TO-DATE
> Task :expo-splash-screen:parseReleaseLocalResources UP-TO-DATE
> Task :expo-splash-screen:generateReleaseRFile UP-TO-DATE
> Task :expo-web-browser:compileReleaseLibraryResources UP-TO-DATE
> Task :expo-web-browser:parseReleaseLocalResources UP-TO-DATE
> Task :expo-web-browser:generateReleaseRFile UP-TO-DATE
> Task :react-native-async-storage_async-storage:compileReleaseLibraryResources UP-TO-DATE
> Task :react-native-async-storage_async-storage:parseReleaseLocalResources UP-TO-DATE
> Task :react-native-async-storage_async-storage:generateReleaseRFile UP-TO-DATE
> Task :react-native-gesture-handler:compileReleaseLibraryResources UP-TO-DATE
> Task :react-native-gesture-handler:parseReleaseLocalResources UP-TO-DATE
> Task :react-native-gesture-handler:generateReleaseRFile UP-TO-DATE
> Task :react-native-reanimated:compileReleaseLibraryResources UP-TO-DATE
> Task :react-native-reanimated:parseReleaseLocalResources UP-TO-DATE
> Task :react-native-reanimated:generateReleaseRFile UP-TO-DATE
> Task :react-native-safe-area-context:compileReleaseLibraryResources UP-TO-DATE
> Task :react-native-safe-area-context:parseReleaseLocalResources UP-TO-DATE
> Task :react-native-safe-area-context:generateReleaseRFile UP-TO-DATE
> Task :react-native-screens:compileReleaseLibraryResources UP-TO-DATE
> Task :react-native-screens:parseReleaseLocalResources UP-TO-DATE
> Task :react-native-screens:generateReleaseRFile UP-TO-DATE
> Task :react-native-svg:compileReleaseLibraryResources UP-TO-DATE
> Task :react-native-svg:parseReleaseLocalResources UP-TO-DATE
> Task :react-native-svg:generateReleaseRFile UP-TO-DATE
> Task :app:processReleaseResources UP-TO-DATE
> Task :expo:checkKotlinGradlePluginConfigurationErrors
> Task :expo:generateReleaseBuildConfig UP-TO-DATE
> Task :expo-application:checkKotlinGradlePluginConfigurationErrors
> Task :expo-application:generateReleaseBuildConfig UP-TO-DATE
> Task :expo-modules-core:checkKotlinGradlePluginConfigurationErrors
> Task :expo-modules-core:generateReleaseBuildConfig UP-TO-DATE
> Task :expo-modules-core:compileReleaseKotlin UP-TO-DATE
> Task :expo-modules-core:javaPreCompileRelease UP-TO-DATE
> Task :expo-modules-core:compileReleaseJavaWithJavac UP-TO-DATE
> Task :expo-modules-core:bundleLibCompileToJarRelease UP-TO-DATE
> Task :expo-application:compileReleaseKotlin UP-TO-DATE
> Task :expo-application:javaPreCompileRelease UP-TO-DATE
> Task :expo-application:compileReleaseJavaWithJavac UP-TO-DATE
> Task :expo-application:bundleLibCompileToJarRelease UP-TO-DATE
> Task :expo-asset:checkKotlinGradlePluginConfigurationErrors
> Task :expo-asset:generateReleaseBuildConfig UP-TO-DATE
> Task :expo-asset:compileReleaseKotlin UP-TO-DATE
> Task :expo-asset:javaPreCompileRelease UP-TO-DATE
> Task :expo-asset:compileReleaseJavaWithJavac UP-TO-DATE
> Task :expo-asset:bundleLibCompileToJarRelease UP-TO-DATE
> Task :expo-camera:checkKotlinGradlePluginConfigurationErrors
> Task :expo-camera:generateReleaseBuildConfig UP-TO-DATE
> Task :expo-camera:compileReleaseKotlin UP-TO-DATE
> Task :expo-camera:javaPreCompileRelease UP-TO-DATE
> Task :expo-camera:compileReleaseJavaWithJavac
> Task :expo-constants:checkKotlinGradlePluginConfigurationErrors
> Task :expo-constants:generateReleaseBuildConfig UP-TO-DATE
> Task :expo-constants:compileReleaseKotlin UP-TO-DATE
> Task :expo-constants:javaPreCompileRelease UP-TO-DATE
> Task :expo-camera:bundleLibCompileToJarRelease
> Task :expo-constants:compileReleaseJavaWithJavac UP-TO-DATE
> Task :expo-constants:bundleLibCompileToJarRelease UP-TO-DATE
> Task :expo-crypto:checkKotlinGradlePluginConfigurationErrors
> Task :expo-crypto:generateReleaseBuildConfig UP-TO-DATE
> Task :expo-crypto:compileReleaseKotlin UP-TO-DATE
> Task :expo-crypto:javaPreCompileRelease UP-TO-DATE
> Task :expo-crypto:compileReleaseJavaWithJavac UP-TO-DATE
> Task :expo-crypto:bundleLibCompileToJarRelease UP-TO-DATE
> Task :expo-file-system:checkKotlinGradlePluginConfigurationErrors
> Task :expo-file-system:generateReleaseBuildConfig UP-TO-DATE
> Task :expo-file-system:compileReleaseKotlin UP-TO-DATE
> Task :expo-file-system:javaPreCompileRelease UP-TO-DATE
> Task :expo-file-system:compileReleaseJavaWithJavac UP-TO-DATE
> Task :expo-file-system:bundleLibCompileToJarRelease UP-TO-DATE
> Task :expo-font:checkKotlinGradlePluginConfigurationErrors
> Task :expo-font:generateReleaseBuildConfig UP-TO-DATE
> Task :expo-font:compileReleaseKotlin UP-TO-DATE
> Task :expo-font:javaPreCompileRelease UP-TO-DATE
> Task :expo-font:compileReleaseJavaWithJavac UP-TO-DATE
> Task :expo-font:bundleLibCompileToJarRelease UP-TO-DATE
> Task :expo-image-loader:checkKotlinGradlePluginConfigurationErrors
> Task :expo-image-loader:generateReleaseBuildConfig UP-TO-DATE
> Task :expo-image-loader:compileReleaseKotlin UP-TO-DATE
> Task :expo-image-loader:javaPreCompileRelease UP-TO-DATE
> Task :expo-image-loader:compileReleaseJavaWithJavac UP-TO-DATE
> Task :expo-image-loader:bundleLibCompileToJarRelease UP-TO-DATE
> Task :expo-image-picker:checkKotlinGradlePluginConfigurationErrors
> Task :expo-image-picker:generateReleaseBuildConfig UP-TO-DATE
> Task :expo-image-picker:compileReleaseKotlin UP-TO-DATE
> Task :expo-image-picker:javaPreCompileRelease UP-TO-DATE
> Task :expo-image-picker:compileReleaseJavaWithJavac UP-TO-DATE
> Task :expo-image-picker:bundleLibCompileToJarRelease UP-TO-DATE
> Task :expo-keep-awake:checkKotlinGradlePluginConfigurationErrors
> Task :expo-keep-awake:generateReleaseBuildConfig UP-TO-DATE
> Task :expo-keep-awake:compileReleaseKotlin UP-TO-DATE
> Task :expo-keep-awake:javaPreCompileRelease UP-TO-DATE
> Task :expo-keep-awake:compileReleaseJavaWithJavac UP-TO-DATE
> Task :expo-keep-awake:bundleLibCompileToJarRelease UP-TO-DATE
> Task :expo-linear-gradient:checkKotlinGradlePluginConfigurationErrors
> Task :expo-linear-gradient:generateReleaseBuildConfig UP-TO-DATE
> Task :expo-linear-gradient:compileReleaseKotlin UP-TO-DATE
> Task :expo-linear-gradient:javaPreCompileRelease UP-TO-DATE
> Task :expo-linear-gradient:compileReleaseJavaWithJavac UP-TO-DATE
> Task :expo-linear-gradient:bundleLibCompileToJarRelease UP-TO-DATE
> Task :expo-media-library:checkKotlinGradlePluginConfigurationErrors
> Task :expo-media-library:generateReleaseBuildConfig UP-TO-DATE
> Task :expo-media-library:compileReleaseKotlin UP-TO-DATE
> Task :expo-media-library:javaPreCompileRelease UP-TO-DATE
> Task :expo-media-library:compileReleaseJavaWithJavac
> Task :expo-notifications:checkKotlinGradlePluginConfigurationErrors
> Task :expo-notifications:generateReleaseBuildConfig UP-TO-DATE
> Task :expo-media-library:bundleLibCompileToJarRelease
> Task :expo-notifications:compileReleaseKotlin UP-TO-DATE
> Task :expo-notifications:javaPreCompileRelease UP-TO-DATE
> Task :expo-notifications:compileReleaseJavaWithJavac UP-TO-DATE
> Task :expo-notifications:bundleLibCompileToJarRelease UP-TO-DATE
> Task :expo-splash-screen:checkKotlinGradlePluginConfigurationErrors
> Task :expo-splash-screen:generateReleaseBuildConfig UP-TO-DATE
> Task :expo-splash-screen:compileReleaseKotlin UP-TO-DATE
> Task :expo-splash-screen:javaPreCompileRelease UP-TO-DATE
> Task :expo-splash-screen:compileReleaseJavaWithJavac
> Task :expo-web-browser:checkKotlinGradlePluginConfigurationErrors
> Task :expo-web-browser:generateReleaseBuildConfig UP-TO-DATE
> Task :expo-web-browser:compileReleaseKotlin UP-TO-DATE
> Task :expo-web-browser:javaPreCompileRelease UP-TO-DATE
> Task :expo-splash-screen:bundleLibCompileToJarRelease
> Task :expo-web-browser:compileReleaseJavaWithJavac
> Task :expo:javaPreCompileRelease UP-TO-DATE
> Task :react-native-async-storage_async-storage:generateReleaseBuildConfig UP-TO-DATE
> Task :react-native-async-storage_async-storage:javaPreCompileRelease UP-TO-DATE
> Task :expo-web-browser:bundleLibCompileToJarRelease
> Task :react-native-async-storage_async-storage:compileReleaseJavaWithJavac FAILED

> Task :expo:compileReleaseKotlin
w: file:///var/home/chelokot/Documents/Projects/ruvia/node_modules/expo/android/src/main/java/expo/modules/ReactActivityDelegateWrapper.kt:20:34 'ReactFeatureFlags' is deprecated. Deprecated in Java
w: file:///var/home/chelokot/Documents/Projects/ruvia/node_modules/expo/android/src/main/java/expo/modules/ReactActivityDelegateWrapper.kt:153:11 'ReactFeatureFlags' is deprecated. Deprecated in Java
w: file:///var/home/chelokot/Documents/Projects/ruvia/node_modules/expo/android/src/main/java/expo/modules/ReactActivityDelegateWrapper.kt:161:34 'constructor ReactDelegate(Activity!, ReactNativeHost!, String?, Bundle?)' is deprecated. Deprecated in Java
w: file:///var/home/chelokot/Documents/Projects/ruvia/node_modules/expo/android/src/main/java/expo/modules/ReactActivityDelegateWrapper.kt:231:10 'ReactFeatureFlags' is deprecated. Deprecated in Java

FAILURE: Build failed with an exception.

* What went wrong:
Execution failed for task ':react-native-async-storage_async-storage:compileReleaseJavaWithJavac'.
> Could not resolve all files for configuration ':react-native-async-storage_async-storage:androidJdkImage'.
   > Failed to transform core-for-system-modules.jar to match attributes {artifactType=_internal_android_jdk_image, org.gradle.libraryelements=jar, org.gradle.usage=java-runtime}.
      > Execution failed for JdkImageTransform: /var/home/chelokot/.android/sdk/platforms/android-34/core-for-system-modules.jar.
         > jlink executable /usr/lib/jvm/java-21-openjdk/bin/jlink does not exist.

* Try:
> Run with --info or --debug option to get more log output.
> Run with --scan to get full insights.
> Get more help at https://help.gradle.org.

* Exception is:
org.gradle.api.tasks.TaskExecutionException: Execution failed for task ':react-native-async-storage_async-storage:compileReleaseJavaWithJavac'.
	at org.gradle.api.internal.tasks.execution.CatchExceptionTaskExecuter.execute(CatchExceptionTaskExecuter.java:38)
	at org.gradle.api.internal.tasks.execution.EventFiringTaskExecuter$1.executeTask(EventFiringTaskExecuter.java:77)
	at org.gradle.api.internal.tasks.execution.EventFiringTaskExecuter$1.call(EventFiringTaskExecuter.java:55)
	at org.gradle.api.internal.tasks.execution.EventFiringTaskExecuter$1.call(EventFiringTaskExecuter.java:52)
	at org.gradle.internal.operations.DefaultBuildOperationRunner$CallableBuildOperationWorker.execute(DefaultBuildOperationRunner.java:209)
	at org.gradle.internal.operations.DefaultBuildOperationRunner$CallableBuildOperationWorker.execute(DefaultBuildOperationRunner.java:204)
	at org.gradle.internal.operations.DefaultBuildOperationRunner$2.execute(DefaultBuildOperationRunner.java:66)
	at org.gradle.internal.operations.DefaultBuildOperationRunner$2.execute(DefaultBuildOperationRunner.java:59)
	at org.gradle.internal.operations.DefaultBuildOperationRunner.execute(DefaultBuildOperationRunner.java:166)
	at org.gradle.internal.operations.DefaultBuildOperationRunner.execute(DefaultBuildOperationRunner.java:59)
	at org.gradle.internal.operations.DefaultBuildOperationRunner.call(DefaultBuildOperationRunner.java:53)
	at org.gradle.api.internal.tasks.execution.EventFiringTaskExecuter.execute(EventFiringTaskExecuter.java:52)
	at org.gradle.execution.plan.LocalTaskNodeExecutor.execute(LocalTaskNodeExecutor.java:42)
	at org.gradle.execution.taskgraph.DefaultTaskExecutionGraph$InvokeNodeExecutorsAction.execute(DefaultTaskExecutionGraph.java:331)
	at org.gradle.execution.taskgraph.DefaultTaskExecutionGraph$InvokeNodeExecutorsAction.execute(DefaultTaskExecutionGraph.java:318)
	at org.gradle.execution.taskgraph.DefaultTaskExecutionGraph$BuildOperationAwareExecutionAction.lambda$execute$0(DefaultTaskExecutionGraph.java:314)
	at org.gradle.internal.operations.CurrentBuildOperationRef.with(CurrentBuildOperationRef.java:80)
	at org.gradle.execution.taskgraph.DefaultTaskExecutionGraph$BuildOperationAwareExecutionAction.execute(DefaultTaskExecutionGraph.java:314)
	at org.gradle.execution.taskgraph.DefaultTaskExecutionGraph$BuildOperationAwareExecutionAction.execute(DefaultTaskExecutionGraph.java:303)
	at org.gradle.execution.plan.DefaultPlanExecutor$ExecutorWorker.execute(DefaultPlanExecutor.java:463)
	at org.gradle.execution.plan.DefaultPlanExecutor$ExecutorWorker.run(DefaultPlanExecutor.java:380)
	at org.gradle.internal.concurrent.ExecutorPolicy$CatchAndRecordFailures.onExecute(ExecutorPolicy.java:64)
	at org.gradle.internal.concurrent.AbstractManagedExecutor$1.run(AbstractManagedExecutor.java:47)
Caused by: org.gradle.api.internal.artifacts.ivyservice.DefaultLenientConfiguration$ArtifactResolveException: Could not resolve all files for configuration ':react-native-async-storage_async-storage:androidJdkImage'.
	at org.gradle.api.internal.artifacts.ResolveExceptionContextualizer.mapFailure(ResolveExceptionContextualizer.java:81)
	at org.gradle.api.internal.artifacts.ResolveExceptionContextualizer.mapFailures(ResolveExceptionContextualizer.java:60)
	at org.gradle.api.internal.artifacts.configurations.DefaultConfiguration$DefaultResolutionHost.mapFailure(DefaultConfiguration.java:2109)
	at org.gradle.api.internal.artifacts.configurations.ResolutionHost.rethrowFailure(ResolutionHost.java:47)
	at org.gradle.api.internal.artifacts.configurations.ResolutionBackedFileCollection.maybeThrowResolutionFailures(ResolutionBackedFileCollection.java:84)
	at org.gradle.api.internal.artifacts.configurations.ResolutionBackedFileCollection.visitContents(ResolutionBackedFileCollection.java:74)
	at org.gradle.api.internal.file.AbstractFileCollection.getFiles(AbstractFileCollection.java:124)
	at org.gradle.api.internal.file.AbstractFileCollection$FileCollectionElementsFactory.create(AbstractFileCollection.java:226)
	at org.gradle.api.internal.file.AbstractFileCollection$FileCollectionElementsFactory.create(AbstractFileCollection.java:214)
	at org.gradle.api.internal.provider.BuildableBackedProvider.calculateOwnValue(BuildableBackedProvider.java:78)
	at org.gradle.api.internal.provider.AbstractMinimalProvider.calculateValue(AbstractMinimalProvider.java:115)
	at org.gradle.api.internal.provider.TransformBackedProvider.calculateOwnValue(TransformBackedProvider.java:81)
	at org.gradle.api.internal.provider.AbstractMinimalProvider.getOrNull(AbstractMinimalProvider.java:105)
	at org.gradle.api.internal.provider.ProviderResolutionStrategy$1.resolve(ProviderResolutionStrategy.java:27)
	at org.gradle.api.internal.file.collections.ProviderBackedFileCollection.visitChildren(ProviderBackedFileCollection.java:64)
	at org.gradle.api.internal.file.CompositeFileCollection.visitContents(CompositeFileCollection.java:113)
	at org.gradle.api.internal.file.AbstractFileCollection.visitStructure(AbstractFileCollection.java:361)
	at org.gradle.api.internal.file.CompositeFileCollection.lambda$visitContents$0(CompositeFileCollection.java:113)
	at org.gradle.api.internal.file.collections.UnpackingVisitor.add(UnpackingVisitor.java:77)
	at org.gradle.api.internal.file.collections.UnpackingVisitor.add(UnpackingVisitor.java:92)
	at org.gradle.api.internal.file.DefaultFileCollectionFactory$ResolvingFileCollection.visitChildren(DefaultFileCollectionFactory.java:285)
	at org.gradle.api.internal.file.CompositeFileCollection.visitContents(CompositeFileCollection.java:113)
	at org.gradle.api.internal.file.AbstractFileCollection.visitStructure(AbstractFileCollection.java:361)
	at org.gradle.api.internal.file.CompositeFileCollection.lambda$visitContents$0(CompositeFileCollection.java:113)
	at org.gradle.api.internal.tasks.PropertyFileCollection.visitChildren(PropertyFileCollection.java:48)
	at org.gradle.api.internal.file.CompositeFileCollection.visitContents(CompositeFileCollection.java:113)
	at org.gradle.api.internal.file.AbstractFileCollection.visitStructure(AbstractFileCollection.java:361)
	at org.gradle.internal.fingerprint.impl.DefaultFileCollectionSnapshotter.snapshot(DefaultFileCollectionSnapshotter.java:47)
	at org.gradle.internal.execution.impl.DefaultInputFingerprinter$InputCollectingVisitor.visitInputFileProperty(DefaultInputFingerprinter.java:133)
	at org.gradle.api.internal.tasks.execution.TaskExecution.visitRegularInputs(TaskExecution.java:324)
	at org.gradle.internal.execution.impl.DefaultInputFingerprinter.fingerprintInputProperties(DefaultInputFingerprinter.java:63)
	at org.gradle.internal.execution.steps.AbstractCaptureStateBeforeExecutionStep.captureExecutionStateWithOutputs(AbstractCaptureStateBeforeExecutionStep.java:109)
	at org.gradle.internal.execution.steps.AbstractCaptureStateBeforeExecutionStep.lambda$captureExecutionState$0(AbstractCaptureStateBeforeExecutionStep.java:74)
	at org.gradle.internal.execution.steps.BuildOperationStep$1.call(BuildOperationStep.java:37)
	at org.gradle.internal.operations.DefaultBuildOperationRunner$CallableBuildOperationWorker.execute(DefaultBuildOperationRunner.java:209)
	at org.gradle.internal.operations.DefaultBuildOperationRunner$CallableBuildOperationWorker.execute(DefaultBuildOperationRunner.java:204)
	at org.gradle.internal.operations.DefaultBuildOperationRunner$2.execute(DefaultBuildOperationRunner.java:66)
	at org.gradle.internal.operations.DefaultBuildOperationRunner$2.execute(DefaultBuildOperationRunner.java:59)
	at org.gradle.internal.operations.DefaultBuildOperationRunner.execute(DefaultBuildOperationRunner.java:166)
	at org.gradle.internal.operations.DefaultBuildOperationRunner.execute(DefaultBuildOperationRunner.java:59)
	at org.gradle.internal.operations.DefaultBuildOperationRunner.call(DefaultBuildOperationRunner.java:53)
	at org.gradle.internal.execution.steps.BuildOperationStep.operation(BuildOperationStep.java:34)
	at org.gradle.internal.execution.steps.AbstractCaptureStateBeforeExecutionStep.captureExecutionState(AbstractCaptureStateBeforeExecutionStep.java:69)
	at org.gradle.internal.execution.steps.AbstractCaptureStateBeforeExecutionStep.execute(AbstractCaptureStateBeforeExecutionStep.java:62)
	at org.gradle.internal.execution.steps.AbstractCaptureStateBeforeExecutionStep.execute(AbstractCaptureStateBeforeExecutionStep.java:43)
	at org.gradle.internal.execution.steps.AbstractSkipEmptyWorkStep.executeWithNonEmptySources(AbstractSkipEmptyWorkStep.java:125)
	at org.gradle.internal.execution.steps.AbstractSkipEmptyWorkStep.execute(AbstractSkipEmptyWorkStep.java:61)
	at org.gradle.internal.execution.steps.AbstractSkipEmptyWorkStep.execute(AbstractSkipEmptyWorkStep.java:36)
	at org.gradle.internal.execution.steps.legacy.MarkSnapshottingInputsStartedStep.execute(MarkSnapshottingInputsStartedStep.java:38)
	at org.gradle.internal.execution.steps.LoadPreviousExecutionStateStep.execute(LoadPreviousExecutionStateStep.java:36)
	at org.gradle.internal.execution.steps.LoadPreviousExecutionStateStep.execute(LoadPreviousExecutionStateStep.java:23)
	at org.gradle.internal.execution.steps.HandleStaleOutputsStep.execute(HandleStaleOutputsStep.java:75)
	at org.gradle.internal.execution.steps.HandleStaleOutputsStep.execute(HandleStaleOutputsStep.java:41)
	at org.gradle.internal.execution.steps.AssignMutableWorkspaceStep.lambda$execute$0(AssignMutableWorkspaceStep.java:35)
	at org.gradle.api.internal.tasks.execution.TaskExecution$4.withWorkspace(TaskExecution.java:289)
	at org.gradle.internal.execution.steps.AssignMutableWorkspaceStep.execute(AssignMutableWorkspaceStep.java:31)
	at org.gradle.internal.execution.steps.AssignMutableWorkspaceStep.execute(AssignMutableWorkspaceStep.java:22)
	at org.gradle.internal.execution.steps.ChoosePipelineStep.execute(ChoosePipelineStep.java:40)
	at org.gradle.internal.execution.steps.ChoosePipelineStep.execute(ChoosePipelineStep.java:23)
	at org.gradle.internal.execution.steps.ExecuteWorkBuildOperationFiringStep.lambda$execute$2(ExecuteWorkBuildOperationFiringStep.java:67)
	at org.gradle.internal.execution.steps.ExecuteWorkBuildOperationFiringStep.execute(ExecuteWorkBuildOperationFiringStep.java:67)
	at org.gradle.internal.execution.steps.ExecuteWorkBuildOperationFiringStep.execute(ExecuteWorkBuildOperationFiringStep.java:39)
	at org.gradle.internal.execution.steps.IdentityCacheStep.execute(IdentityCacheStep.java:46)
	at org.gradle.internal.execution.steps.IdentityCacheStep.execute(IdentityCacheStep.java:34)
	at org.gradle.internal.execution.steps.IdentifyStep.execute(IdentifyStep.java:48)
	at org.gradle.internal.execution.steps.IdentifyStep.execute(IdentifyStep.java:35)
	at org.gradle.internal.execution.impl.DefaultExecutionEngine$1.execute(DefaultExecutionEngine.java:61)
	at org.gradle.api.internal.tasks.execution.ExecuteActionsTaskExecuter.executeIfValid(ExecuteActionsTaskExecuter.java:127)
	at org.gradle.api.internal.tasks.execution.ExecuteActionsTaskExecuter.execute(ExecuteActionsTaskExecuter.java:116)
	at org.gradle.api.internal.tasks.execution.FinalizePropertiesTaskExecuter.execute(FinalizePropertiesTaskExecuter.java:46)
	at org.gradle.api.internal.tasks.execution.ResolveTaskExecutionModeExecuter.execute(ResolveTaskExecutionModeExecuter.java:51)
	at org.gradle.api.internal.tasks.execution.SkipTaskWithNoActionsExecuter.execute(SkipTaskWithNoActionsExecuter.java:57)
	at org.gradle.api.internal.tasks.execution.SkipOnlyIfTaskExecuter.execute(SkipOnlyIfTaskExecuter.java:74)
	at org.gradle.api.internal.tasks.execution.CatchExceptionTaskExecuter.execute(CatchExceptionTaskExecuter.java:36)
	at org.gradle.api.internal.tasks.execution.EventFiringTaskExecuter$1.executeTask(EventFiringTaskExecuter.java:77)
	at org.gradle.api.internal.tasks.execution.EventFiringTaskExecuter$1.call(EventFiringTaskExecuter.java:55)
	at org.gradle.api.internal.tasks.execution.EventFiringTaskExecuter$1.call(EventFiringTaskExecuter.java:52)
	at org.gradle.internal.operations.DefaultBuildOperationRunner$CallableBuildOperationWorker.execute(DefaultBuildOperationRunner.java:209)
	at org.gradle.internal.operations.DefaultBuildOperationRunner$CallableBuildOperationWorker.execute(DefaultBuildOperationRunner.java:204)
	at org.gradle.internal.operations.DefaultBuildOperationRunner$2.execute(DefaultBuildOperationRunner.java:66)
	at org.gradle.internal.operations.DefaultBuildOperationRunner$2.execute(DefaultBuildOperationRunner.java:59)
	at org.gradle.internal.operations.DefaultBuildOperationRunner.execute(DefaultBuildOperationRunner.java:166)
	at org.gradle.internal.operations.DefaultBuildOperationRunner.execute(DefaultBuildOperationRunner.java:59)
	at org.gradle.internal.operations.DefaultBuildOperationRunner.call(DefaultBuildOperationRunner.java:53)
	at org.gradle.api.internal.tasks.execution.EventFiringTaskExecuter.execute(EventFiringTaskExecuter.java:52)
	at org.gradle.execution.plan.LocalTaskNodeExecutor.execute(LocalTaskNodeExecutor.java:42)
	at org.gradle.execution.taskgraph.DefaultTaskExecutionGraph$InvokeNodeExecutorsAction.execute(DefaultTaskExecutionGraph.java:331)
	at org.gradle.execution.taskgraph.DefaultTaskExecutionGraph$InvokeNodeExecutorsAction.execute(DefaultTaskExecutionGraph.java:318)
	at org.gradle.execution.taskgraph.DefaultTaskExecutionGraph$BuildOperationAwareExecutionAction.lambda$execute$0(DefaultTaskExecutionGraph.java:314)
	at org.gradle.internal.operations.CurrentBuildOperationRef.with(CurrentBuildOperationRef.java:80)
	at org.gradle.execution.taskgraph.DefaultTaskExecutionGraph$BuildOperationAwareExecutionAction.execute(DefaultTaskExecutionGraph.java:314)
	at org.gradle.execution.taskgraph.DefaultTaskExecutionGraph$BuildOperationAwareExecutionAction.execute(DefaultTaskExecutionGraph.java:303)
	at org.gradle.execution.plan.DefaultPlanExecutor$ExecutorWorker.execute(DefaultPlanExecutor.java:463)
	at org.gradle.execution.plan.DefaultPlanExecutor$ExecutorWorker.run(DefaultPlanExecutor.java:380)
	at org.gradle.internal.concurrent.ExecutorPolicy$CatchAndRecordFailures.onExecute(ExecutorPolicy.java:64)
	at org.gradle.internal.concurrent.AbstractManagedExecutor$1.run(AbstractManagedExecutor.java:47)
Caused by: org.gradle.api.internal.artifacts.transform.TransformException: Failed to transform core-for-system-modules.jar to match attributes {artifactType=_internal_android_jdk_image, org.gradle.libraryelements=jar, org.gradle.usage=java-runtime}.
	at org.gradle.api.internal.artifacts.transform.TransformingAsyncArtifactListener$TransformedArtifact.lambda$visit$4(TransformingAsyncArtifactListener.java:243)
	at org.gradle.internal.Try$Failure.ifSuccessfulOrElse(Try.java:282)
	at org.gradle.api.internal.artifacts.transform.TransformingAsyncArtifactListener$TransformedArtifact.visit(TransformingAsyncArtifactListener.java:235)
	at org.gradle.api.internal.artifacts.ivyservice.resolveengine.artifact.ParallelResolveArtifactSet$VisitingSet$StartVisitAction.visitResults(ParallelResolveArtifactSet.java:100)
	at org.gradle.api.internal.artifacts.ivyservice.resolveengine.artifact.ParallelResolveArtifactSet$VisitingSet.visit(ParallelResolveArtifactSet.java:69)
	at org.gradle.api.internal.artifacts.ivyservice.resolveengine.artifact.ResolvedArtifactSetResolver$1.run(ResolvedArtifactSetResolver.java:65)
	at org.gradle.internal.operations.DefaultBuildOperationRunner$1.execute(DefaultBuildOperationRunner.java:29)
	at org.gradle.internal.operations.DefaultBuildOperationRunner$1.execute(DefaultBuildOperationRunner.java:26)
	at org.gradle.internal.operations.DefaultBuildOperationRunner$2.execute(DefaultBuildOperationRunner.java:66)
	at org.gradle.internal.operations.DefaultBuildOperationRunner$2.execute(DefaultBuildOperationRunner.java:59)
	at org.gradle.internal.operations.DefaultBuildOperationRunner.execute(DefaultBuildOperationRunner.java:166)
	at org.gradle.internal.operations.DefaultBuildOperationRunner.execute(DefaultBuildOperationRunner.java:59)
	at org.gradle.internal.operations.DefaultBuildOperationRunner.run(DefaultBuildOperationRunner.java:47)
	at org.gradle.api.internal.artifacts.ivyservice.resolveengine.artifact.ResolvedArtifactSetResolver.visitArtifacts(ResolvedArtifactSetResolver.java:62)
	at org.gradle.api.internal.artifacts.ivyservice.resolveengine.artifact.ResolvedArtifactSetResolver.lambda$visitInUnmanagedWorkerThread$0(ResolvedArtifactSetResolver.java:58)
	at org.gradle.internal.work.DefaultWorkerLeaseService.runAsUnmanagedWorkerThread(DefaultWorkerLeaseService.java:140)
	at org.gradle.api.internal.artifacts.ivyservice.resolveengine.artifact.ResolvedArtifactSetResolver.visitInUnmanagedWorkerThread(ResolvedArtifactSetResolver.java:58)
	at org.gradle.api.internal.artifacts.ivyservice.resolveengine.artifact.DefaultSelectedArtifactSet.visitArtifacts(DefaultSelectedArtifactSet.java:59)
	at org.gradle.api.internal.artifacts.ivyservice.resolveengine.artifact.SelectedArtifactSet.visitFiles(SelectedArtifactSet.java:34)
	at org.gradle.api.internal.artifacts.configurations.ResolutionBackedFileCollection.visitContents(ResolutionBackedFileCollection.java:73)
	at org.gradle.api.internal.file.AbstractFileCollection.getFiles(AbstractFileCollection.java:124)
	at org.gradle.api.internal.file.AbstractFileCollection$FileCollectionElementsFactory.create(AbstractFileCollection.java:226)
	at org.gradle.api.internal.file.AbstractFileCollection$FileCollectionElementsFactory.create(AbstractFileCollection.java:214)
	at org.gradle.api.internal.provider.BuildableBackedProvider.calculateOwnValue(BuildableBackedProvider.java:78)
	at org.gradle.api.internal.provider.AbstractMinimalProvider.calculateValue(AbstractMinimalProvider.java:115)
	at org.gradle.api.internal.provider.TransformBackedProvider.calculateOwnValue(TransformBackedProvider.java:81)
	at org.gradle.api.internal.provider.AbstractMinimalProvider.getOrNull(AbstractMinimalProvider.java:105)
	at org.gradle.api.internal.provider.ProviderResolutionStrategy$1.resolve(ProviderResolutionStrategy.java:27)
	at org.gradle.api.internal.file.collections.ProviderBackedFileCollection.visitChildren(ProviderBackedFileCollection.java:64)
	at org.gradle.api.internal.file.CompositeFileCollection.visitContents(CompositeFileCollection.java:113)
	at org.gradle.api.internal.file.AbstractFileCollection.visitStructure(AbstractFileCollection.java:361)
	at org.gradle.api.internal.file.CompositeFileCollection.lambda$visitContents$0(CompositeFileCollection.java:113)
	at org.gradle.api.internal.file.collections.UnpackingVisitor.add(UnpackingVisitor.java:77)
	at org.gradle.api.internal.file.collections.UnpackingVisitor.add(UnpackingVisitor.java:92)
	at org.gradle.api.internal.file.DefaultFileCollectionFactory$ResolvingFileCollection.visitChildren(DefaultFileCollectionFactory.java:285)
	at org.gradle.api.internal.file.CompositeFileCollection.visitContents(CompositeFileCollection.java:113)
	at org.gradle.api.internal.file.AbstractFileCollection.visitStructure(AbstractFileCollection.java:361)
	at org.gradle.api.internal.file.CompositeFileCollection.lambda$visitContents$0(CompositeFileCollection.java:113)
	at org.gradle.api.internal.tasks.PropertyFileCollection.visitChildren(PropertyFileCollection.java:48)
	at org.gradle.api.internal.file.CompositeFileCollection.visitContents(CompositeFileCollection.java:113)
	at org.gradle.api.internal.file.AbstractFileCollection.visitStructure(AbstractFileCollection.java:361)
	at org.gradle.internal.fingerprint.impl.DefaultFileCollectionSnapshotter.snapshot(DefaultFileCollectionSnapshotter.java:47)
	at org.gradle.internal.execution.impl.DefaultInputFingerprinter$InputCollectingVisitor.visitInputFileProperty(DefaultInputFingerprinter.java:133)
	at org.gradle.api.internal.tasks.execution.TaskExecution.visitRegularInputs(TaskExecution.java:324)
	at org.gradle.internal.execution.impl.DefaultInputFingerprinter.fingerprintInputProperties(DefaultInputFingerprinter.java:63)
	at org.gradle.internal.execution.steps.AbstractCaptureStateBeforeExecutionStep.captureExecutionStateWithOutputs(AbstractCaptureStateBeforeExecutionStep.java:109)
	at org.gradle.internal.execution.steps.AbstractCaptureStateBeforeExecutionStep.lambda$captureExecutionState$0(AbstractCaptureStateBeforeExecutionStep.java:74)
	at org.gradle.internal.execution.steps.BuildOperationStep$1.call(BuildOperationStep.java:37)
	at org.gradle.internal.operations.DefaultBuildOperationRunner$CallableBuildOperationWorker.execute(DefaultBuildOperationRunner.java:209)
	at org.gradle.internal.operations.DefaultBuildOperationRunner$CallableBuildOperationWorker.execute(DefaultBuildOperationRunner.java:204)
	at org.gradle.internal.operations.DefaultBuildOperationRunner$2.execute(DefaultBuildOperationRunner.java:66)
	at org.gradle.internal.operations.DefaultBuildOperationRunner$2.execute(DefaultBuildOperationRunner.java:59)
	at org.gradle.internal.operations.DefaultBuildOperationRunner.execute(DefaultBuildOperationRunner.java:166)
	at org.gradle.internal.operations.DefaultBuildOperationRunner.execute(DefaultBuildOperationRunner.java:59)
	at org.gradle.internal.operations.DefaultBuildOperationRunner.call(DefaultBuildOperationRunner.java:53)
	at org.gradle.internal.execution.steps.BuildOperationStep.operation(BuildOperationStep.java:34)
	at org.gradle.internal.execution.steps.AbstractCaptureStateBeforeExecutionStep.captureExecutionState(AbstractCaptureStateBeforeExecutionStep.java:69)
	at org.gradle.internal.execution.steps.AbstractCaptureStateBeforeExecutionStep.execute(AbstractCaptureStateBeforeExecutionStep.java:62)
	at org.gradle.internal.execution.steps.AbstractCaptureStateBeforeExecutionStep.execute(AbstractCaptureStateBeforeExecutionStep.java:43)
	at org.gradle.internal.execution.steps.AbstractSkipEmptyWorkStep.executeWithNonEmptySources(AbstractSkipEmptyWorkStep.java:125)
	at org.gradle.internal.execution.steps.AbstractSkipEmptyWorkStep.execute(AbstractSkipEmptyWorkStep.java:61)
	at org.gradle.internal.execution.steps.AbstractSkipEmptyWorkStep.execute(AbstractSkipEmptyWorkStep.java:36)
	at org.gradle.internal.execution.steps.legacy.MarkSnapshottingInputsStartedStep.execute(MarkSnapshottingInputsStartedStep.java:38)
	at org.gradle.internal.execution.steps.LoadPreviousExecutionStateStep.execute(LoadPreviousExecutionStateStep.java:36)
	at org.gradle.internal.execution.steps.LoadPreviousExecutionStateStep.execute(LoadPreviousExecutionStateStep.java:23)
	at org.gradle.internal.execution.steps.HandleStaleOutputsStep.execute(HandleStaleOutputsStep.java:75)
	at org.gradle.internal.execution.steps.HandleStaleOutputsStep.execute(HandleStaleOutputsStep.java:41)
	at org.gradle.internal.execution.steps.AssignMutableWorkspaceStep.lambda$execute$0(AssignMutableWorkspaceStep.java:35)
	at org.gradle.api.internal.tasks.execution.TaskExecution$4.withWorkspace(TaskExecution.java:289)
	at org.gradle.internal.execution.steps.AssignMutableWorkspaceStep.execute(AssignMutableWorkspaceStep.java:31)
	at org.gradle.internal.execution.steps.AssignMutableWorkspaceStep.execute(AssignMutableWorkspaceStep.java:22)
	at org.gradle.internal.execution.steps.ChoosePipelineStep.execute(ChoosePipelineStep.java:40)
	at org.gradle.internal.execution.steps.ChoosePipelineStep.execute(ChoosePipelineStep.java:23)
	at org.gradle.internal.execution.steps.ExecuteWorkBuildOperationFiringStep.lambda$execute$2(ExecuteWorkBuildOperationFiringStep.java:67)
	at org.gradle.internal.execution.steps.ExecuteWorkBuildOperationFiringStep.execute(ExecuteWorkBuildOperationFiringStep.java:67)
	at org.gradle.internal.execution.steps.ExecuteWorkBuildOperationFiringStep.execute(ExecuteWorkBuildOperationFiringStep.java:39)
	at org.gradle.internal.execution.steps.IdentityCacheStep.execute(IdentityCacheStep.java:46)
	at org.gradle.internal.execution.steps.IdentityCacheStep.execute(IdentityCacheStep.java:34)
	at org.gradle.internal.execution.steps.IdentifyStep.execute(IdentifyStep.java:48)
	at org.gradle.internal.execution.steps.IdentifyStep.execute(IdentifyStep.java:35)
	at org.gradle.internal.execution.impl.DefaultExecutionEngine$1.execute(DefaultExecutionEngine.java:61)
	at org.gradle.api.internal.tasks.execution.ExecuteActionsTaskExecuter.executeIfValid(ExecuteActionsTaskExecuter.java:127)
	at org.gradle.api.internal.tasks.execution.ExecuteActionsTaskExecuter.execute(ExecuteActionsTaskExecuter.java:116)
	at org.gradle.api.internal.tasks.execution.FinalizePropertiesTaskExecuter.execute(FinalizePropertiesTaskExecuter.java:46)
	at org.gradle.api.internal.tasks.execution.ResolveTaskExecutionModeExecuter.execute(ResolveTaskExecutionModeExecuter.java:51)
	at org.gradle.api.internal.tasks.execution.SkipTaskWithNoActionsExecuter.execute(SkipTaskWithNoActionsExecuter.java:57)
	at org.gradle.api.internal.tasks.execution.SkipOnlyIfTaskExecuter.execute(SkipOnlyIfTaskExecuter.java:74)
	at org.gradle.api.internal.tasks.execution.CatchExceptionTaskExecuter.execute(CatchExceptionTaskExecuter.java:36)
	at org.gradle.api.internal.tasks.execution.EventFiringTaskExecuter$1.executeTask(EventFiringTaskExecuter.java:77)
	at org.gradle.api.internal.tasks.execution.EventFiringTaskExecuter$1.call(EventFiringTaskExecuter.java:55)
	at org.gradle.api.internal.tasks.execution.EventFiringTaskExecuter$1.call(EventFiringTaskExecuter.java:52)
	at org.gradle.internal.operations.DefaultBuildOperationRunner$CallableBuildOperationWorker.execute(DefaultBuildOperationRunner.java:209)
	at org.gradle.internal.operations.DefaultBuildOperationRunner$CallableBuildOperationWorker.execute(DefaultBuildOperationRunner.java:204)
	at org.gradle.internal.operations.DefaultBuildOperationRunner$2.execute(DefaultBuildOperationRunner.java:66)
	at org.gradle.internal.operations.DefaultBuildOperationRunner$2.execute(DefaultBuildOperationRunner.java:59)
	at org.gradle.internal.operations.DefaultBuildOperationRunner.execute(DefaultBuildOperationRunner.java:166)
	at org.gradle.internal.operations.DefaultBuildOperationRunner.execute(DefaultBuildOperationRunner.java:59)
	at org.gradle.internal.operations.DefaultBuildOperationRunner.call(DefaultBuildOperationRunner.java:53)
	at org.gradle.api.internal.tasks.execution.EventFiringTaskExecuter.execute(EventFiringTaskExecuter.java:52)
	at org.gradle.execution.plan.LocalTaskNodeExecutor.execute(LocalTaskNodeExecutor.java:42)
	at org.gradle.execution.taskgraph.DefaultTaskExecutionGraph$InvokeNodeExecutorsAction.execute(DefaultTaskExecutionGraph.java:331)
	at org.gradle.execution.taskgraph.DefaultTaskExecutionGraph$InvokeNodeExecutorsAction.execute(DefaultTaskExecutionGraph.java:318)
	at org.gradle.execution.taskgraph.DefaultTaskExecutionGraph$BuildOperationAwareExecutionAction.lambda$execute$0(DefaultTaskExecutionGraph.java:314)
	at org.gradle.internal.operations.CurrentBuildOperationRef.with(CurrentBuildOperationRef.java:80)
	at org.gradle.execution.taskgraph.DefaultTaskExecutionGraph$BuildOperationAwareExecutionAction.execute(DefaultTaskExecutionGraph.java:314)
	at org.gradle.execution.taskgraph.DefaultTaskExecutionGraph$BuildOperationAwareExecutionAction.execute(DefaultTaskExecutionGraph.java:303)
	at org.gradle.execution.plan.DefaultPlanExecutor$ExecutorWorker.execute(DefaultPlanExecutor.java:463)
	at org.gradle.execution.plan.DefaultPlanExecutor$ExecutorWorker.run(DefaultPlanExecutor.java:380)
	at org.gradle.internal.concurrent.ExecutorPolicy$CatchAndRecordFailures.onExecute(ExecutorPolicy.java:64)
	at org.gradle.internal.concurrent.AbstractManagedExecutor$1.run(AbstractManagedExecutor.java:47)
Caused by: org.gradle.api.internal.artifacts.transform.TransformException: Execution failed for JdkImageTransform: /var/home/chelokot/.android/sdk/platforms/android-34/core-for-system-modules.jar.
	at org.gradle.api.internal.artifacts.transform.DefaultTransformInvocationFactory.lambda$createInvocation$1(DefaultTransformInvocationFactory.java:151)
	at org.gradle.internal.Try$Failure.mapFailure(Try.java:273)
	at org.gradle.api.internal.artifacts.transform.DefaultTransformInvocationFactory.lambda$createInvocation$2(DefaultTransformInvocationFactory.java:151)
	at org.gradle.internal.Deferrable$1.applyAndRequireNonNull(Deferrable.java:63)
	at org.gradle.internal.Deferrable$1.completeAndGet(Deferrable.java:59)
	at org.gradle.internal.Deferrable$1.completeAndGet(Deferrable.java:59)
	at org.gradle.api.internal.artifacts.transform.TransformingAsyncArtifactListener$TransformedArtifact.finalizeValue(TransformingAsyncArtifactListener.java:209)
	at org.gradle.api.internal.artifacts.transform.TransformingAsyncArtifactListener$TransformedArtifact.run(TransformingAsyncArtifactListener.java:147)
	at org.gradle.internal.operations.DefaultBuildOperationRunner$2.execute(DefaultBuildOperationRunner.java:66)
	at org.gradle.internal.operations.DefaultBuildOperationRunner$2.execute(DefaultBuildOperationRunner.java:59)
	at org.gradle.internal.operations.DefaultBuildOperationRunner.execute(DefaultBuildOperationRunner.java:166)
	at org.gradle.internal.operations.DefaultBuildOperationRunner.execute(DefaultBuildOperationRunner.java:59)
	at org.gradle.internal.operations.DefaultBuildOperationExecutor$QueueWorker.execute(DefaultBuildOperationExecutor.java:161)
	at org.gradle.internal.operations.DefaultBuildOperationQueue$WorkerRunnable.runOperation(DefaultBuildOperationQueue.java:272)
	at org.gradle.internal.operations.DefaultBuildOperationQueue$WorkerRunnable.doRunBatch(DefaultBuildOperationQueue.java:253)
	at org.gradle.internal.operations.DefaultBuildOperationQueue$WorkerRunnable.lambda$runBatch$0(DefaultBuildOperationQueue.java:238)
	at org.gradle.internal.resources.AbstractResourceLockRegistry.whileDisallowingLockChanges(AbstractResourceLockRegistry.java:50)
	at org.gradle.internal.work.DefaultWorkerLeaseService.whileDisallowingProjectLockChanges(DefaultWorkerLeaseService.java:236)
	at org.gradle.internal.operations.DefaultBuildOperationQueue$WorkerRunnable.lambda$runBatch$1(DefaultBuildOperationQueue.java:238)
	at org.gradle.internal.work.DefaultWorkerLeaseService.runAsWorkerThread(DefaultWorkerLeaseService.java:126)
	at org.gradle.internal.operations.DefaultBuildOperationQueue$WorkerRunnable.runBatch(DefaultBuildOperationQueue.java:224)
	at org.gradle.internal.operations.DefaultBuildOperationQueue$WorkerRunnable.run(DefaultBuildOperationQueue.java:192)
	at org.gradle.internal.operations.DefaultBuildOperationQueue.waitForCompletion(DefaultBuildOperationQueue.java:105)
	at org.gradle.internal.operations.DefaultBuildOperationExecutor.executeInParallel(DefaultBuildOperationExecutor.java:106)
	at org.gradle.internal.operations.DefaultBuildOperationExecutor.runAll(DefaultBuildOperationExecutor.java:65)
	at org.gradle.api.internal.artifacts.ivyservice.resolveengine.artifact.ParallelResolveArtifactSet$VisitingSet.visit(ParallelResolveArtifactSet.java:66)
	... 105 more
Caused by: java.lang.IllegalArgumentException: jlink executable /usr/lib/jvm/java-21-openjdk/bin/jlink does not exist.
	at com.google.common.base.Preconditions.checkArgument(Preconditions.java:220)
	at com.android.build.gradle.internal.dependency.JdkTools$jlinkVersion$2.invoke(JdkImageTransformDelegate.kt:152)
	at com.android.build.gradle.internal.dependency.JdkTools$jlinkVersion$2.invoke(JdkImageTransformDelegate.kt:150)
	at kotlin.SynchronizedLazyImpl.getValue(LazyJVM.kt:74)
	at com.android.build.gradle.internal.dependency.JdkTools.getJlinkVersion(JdkImageTransformDelegate.kt:150)
	at com.android.build.gradle.internal.dependency.JdkImageTransformDelegate.makeJmodFile$gradle_core(JdkImageTransformDelegate.kt:125)
	at com.android.build.gradle.internal.dependency.JdkImageTransformDelegate.run(JdkImageTransformDelegate.kt:58)
	at com.android.build.gradle.internal.dependency.JdkImageTransform.transform(JdkImageTransform.kt:81)
	at org.gradle.api.internal.artifacts.transform.DefaultTransform.transform(DefaultTransform.java:276)
	at org.gradle.api.internal.artifacts.transform.AbstractTransformExecution$2.call(AbstractTransformExecution.java:143)
	at org.gradle.api.internal.artifacts.transform.AbstractTransformExecution$2.call(AbstractTransformExecution.java:137)
	at org.gradle.internal.operations.DefaultBuildOperationRunner$CallableBuildOperationWorker.execute(DefaultBuildOperationRunner.java:209)
	at org.gradle.internal.operations.DefaultBuildOperationRunner$CallableBuildOperationWorker.execute(DefaultBuildOperationRunner.java:204)
	at org.gradle.internal.operations.DefaultBuildOperationRunner$2.execute(DefaultBuildOperationRunner.java:66)
	at org.gradle.internal.operations.DefaultBuildOperationRunner$2.execute(DefaultBuildOperationRunner.java:59)
	at org.gradle.internal.operations.DefaultBuildOperationRunner.execute(DefaultBuildOperationRunner.java:166)
	at org.gradle.internal.operations.DefaultBuildOperationRunner.execute(DefaultBuildOperationRunner.java:59)
	at org.gradle.internal.operations.DefaultBuildOperationRunner.call(DefaultBuildOperationRunner.java:53)
	at org.gradle.api.internal.artifacts.transform.AbstractTransformExecution.executeWithinTransformerListener(AbstractTransformExecution.java:137)
	at org.gradle.api.internal.artifacts.transform.AbstractTransformExecution.execute(AbstractTransformExecution.java:130)
	at org.gradle.internal.execution.steps.ExecuteStep.executeInternal(ExecuteStep.java:105)
	at org.gradle.internal.execution.steps.ExecuteStep.access$000(ExecuteStep.java:44)
	at org.gradle.internal.execution.steps.ExecuteStep$1.call(ExecuteStep.java:59)
	at org.gradle.internal.execution.steps.ExecuteStep$1.call(ExecuteStep.java:56)
	at org.gradle.internal.operations.DefaultBuildOperationRunner$CallableBuildOperationWorker.execute(DefaultBuildOperationRunner.java:209)
	at org.gradle.internal.operations.DefaultBuildOperationRunner$CallableBuildOperationWorker.execute(DefaultBuildOperationRunner.java:204)
	at org.gradle.internal.operations.DefaultBuildOperationRunner$2.execute(DefaultBuildOperationRunner.java:66)
	at org.gradle.internal.operations.DefaultBuildOperationRunner$2.execute(DefaultBuildOperationRunner.java:59)
	at org.gradle.internal.operations.DefaultBuildOperationRunner.execute(DefaultBuildOperationRunner.java:166)
	at org.gradle.internal.operations.DefaultBuildOperationRunner.execute(DefaultBuildOperationRunner.java:59)
	at org.gradle.internal.operations.DefaultBuildOperationRunner.call(DefaultBuildOperationRunner.java:53)
	at org.gradle.internal.execution.steps.ExecuteStep.execute(ExecuteStep.java:56)
	at org.gradle.internal.execution.steps.ExecuteStep.execute(ExecuteStep.java:44)
	at org.gradle.internal.execution.steps.CancelExecutionStep.execute(CancelExecutionStep.java:41)
	at org.gradle.internal.execution.steps.TimeoutStep.executeWithoutTimeout(TimeoutStep.java:74)
	at org.gradle.internal.execution.steps.TimeoutStep.execute(TimeoutStep.java:55)
	at org.gradle.internal.execution.steps.PreCreateOutputParentsStep.execute(PreCreateOutputParentsStep.java:50)
	at org.gradle.internal.execution.steps.PreCreateOutputParentsStep.execute(PreCreateOutputParentsStep.java:28)
	at org.gradle.internal.execution.steps.BroadcastChangingOutputsStep.execute(BroadcastChangingOutputsStep.java:61)
	at org.gradle.internal.execution.steps.BroadcastChangingOutputsStep.execute(BroadcastChangingOutputsStep.java:26)
	at org.gradle.internal.execution.steps.NoInputChangesStep.execute(NoInputChangesStep.java:30)
	at org.gradle.internal.execution.steps.NoInputChangesStep.execute(NoInputChangesStep.java:21)
	at org.gradle.internal.execution.steps.CaptureOutputsAfterExecutionStep.execute(CaptureOutputsAfterExecutionStep.java:67)
	at org.gradle.internal.execution.steps.CaptureOutputsAfterExecutionStep.execute(CaptureOutputsAfterExecutionStep.java:45)
	at org.gradle.internal.execution.steps.BuildCacheStep.executeWithoutCache(BuildCacheStep.java:189)
	at org.gradle.internal.execution.steps.BuildCacheStep.lambda$execute$1(BuildCacheStep.java:75)
	at org.gradle.internal.Either$Right.fold(Either.java:175)
	at org.gradle.internal.execution.caching.CachingState.fold(CachingState.java:62)
	at org.gradle.internal.execution.steps.BuildCacheStep.execute(BuildCacheStep.java:73)
	at org.gradle.internal.execution.steps.BuildCacheStep.execute(BuildCacheStep.java:48)
	at org.gradle.internal.execution.steps.NeverUpToDateStep.execute(NeverUpToDateStep.java:34)
	at org.gradle.internal.execution.steps.NeverUpToDateStep.execute(NeverUpToDateStep.java:22)
	at org.gradle.internal.execution.steps.legacy.MarkSnapshottingInputsFinishedStep.execute(MarkSnapshottingInputsFinishedStep.java:37)
	at org.gradle.internal.execution.steps.legacy.MarkSnapshottingInputsFinishedStep.execute(MarkSnapshottingInputsFinishedStep.java:27)
	at org.gradle.internal.execution.steps.ResolveNonIncrementalCachingStateStep.executeDelegate(ResolveNonIncrementalCachingStateStep.java:50)
	at org.gradle.internal.execution.steps.AbstractResolveCachingStateStep.execute(AbstractResolveCachingStateStep.java:71)
	at org.gradle.internal.execution.steps.AbstractResolveCachingStateStep.execute(AbstractResolveCachingStateStep.java:39)
	at org.gradle.internal.execution.steps.ValidateStep.execute(ValidateStep.java:106)
	at org.gradle.internal.execution.steps.ValidateStep.execute(ValidateStep.java:55)
	at org.gradle.internal.execution.steps.AbstractCaptureStateBeforeExecutionStep.execute(AbstractCaptureStateBeforeExecutionStep.java:64)
	at org.gradle.internal.execution.steps.AbstractCaptureStateBeforeExecutionStep.execute(AbstractCaptureStateBeforeExecutionStep.java:43)
	at org.gradle.internal.execution.steps.legacy.MarkSnapshottingInputsStartedStep.execute(MarkSnapshottingInputsStartedStep.java:38)
	at org.gradle.internal.execution.steps.AssignImmutableWorkspaceStep.lambda$executeInTemporaryWorkspace$3(AssignImmutableWorkspaceStep.java:209)
	at org.gradle.internal.execution.workspace.impl.CacheBasedImmutableWorkspaceProvider$1.withTemporaryWorkspace(CacheBasedImmutableWorkspaceProvider.java:119)
	at org.gradle.internal.execution.steps.AssignImmutableWorkspaceStep.executeInTemporaryWorkspace(AssignImmutableWorkspaceStep.java:199)
	at org.gradle.internal.execution.steps.AssignImmutableWorkspaceStep.lambda$execute$0(AssignImmutableWorkspaceStep.java:121)
	at org.gradle.internal.execution.steps.AssignImmutableWorkspaceStep.execute(AssignImmutableWorkspaceStep.java:121)
	at org.gradle.internal.execution.steps.AssignImmutableWorkspaceStep.execute(AssignImmutableWorkspaceStep.java:90)
	at org.gradle.internal.execution.steps.ChoosePipelineStep.execute(ChoosePipelineStep.java:38)
	at org.gradle.internal.execution.steps.ChoosePipelineStep.execute(ChoosePipelineStep.java:23)
	at org.gradle.internal.execution.steps.ExecuteWorkBuildOperationFiringStep.lambda$execute$0(ExecuteWorkBuildOperationFiringStep.java:53)
	at org.gradle.internal.execution.steps.BuildOperationStep$1.call(BuildOperationStep.java:37)
	at org.gradle.internal.operations.DefaultBuildOperationRunner$CallableBuildOperationWorker.execute(DefaultBuildOperationRunner.java:209)
	at org.gradle.internal.operations.DefaultBuildOperationRunner$CallableBuildOperationWorker.execute(DefaultBuildOperationRunner.java:204)
	at org.gradle.internal.operations.DefaultBuildOperationRunner$2.execute(DefaultBuildOperationRunner.java:66)
	at org.gradle.internal.operations.DefaultBuildOperationRunner$2.execute(DefaultBuildOperationRunner.java:59)
	at org.gradle.internal.operations.DefaultBuildOperationRunner.execute(DefaultBuildOperationRunner.java:166)
	at org.gradle.internal.operations.DefaultBuildOperationRunner.execute(DefaultBuildOperationRunner.java:59)
	at org.gradle.internal.operations.DefaultBuildOperationRunner.call(DefaultBuildOperationRunner.java:53)
	at org.gradle.internal.execution.steps.BuildOperationStep.operation(BuildOperationStep.java:34)
	at org.gradle.internal.execution.steps.ExecuteWorkBuildOperationFiringStep.lambda$execute$1(ExecuteWorkBuildOperationFiringStep.java:51)
	at org.gradle.internal.execution.steps.ExecuteWorkBuildOperationFiringStep.execute(ExecuteWorkBuildOperationFiringStep.java:51)
	at org.gradle.internal.execution.steps.ExecuteWorkBuildOperationFiringStep.execute(ExecuteWorkBuildOperationFiringStep.java:39)
	at org.gradle.internal.execution.steps.IdentityCacheStep.execute(IdentityCacheStep.java:46)
	at org.gradle.internal.execution.steps.IdentityCacheStep.executeInCache(IdentityCacheStep.java:80)
	at org.gradle.internal.execution.steps.IdentityCacheStep.lambda$executeDeferred$0(IdentityCacheStep.java:60)
	at org.gradle.cache.Cache.lambda$get$0(Cache.java:31)
	at org.gradle.cache.ManualEvictionInMemoryCache.get(ManualEvictionInMemoryCache.java:30)
	at org.gradle.cache.internal.DefaultCrossBuildInMemoryCacheFactory$CrossBuildCacheRetainingDataFromPreviousBuild.get(DefaultCrossBuildInMemoryCacheFactory.java:255)
	at org.gradle.cache.Cache.get(Cache.java:31)
	at org.gradle.internal.execution.steps.IdentityCacheStep.lambda$executeDeferred$1(IdentityCacheStep.java:58)
	at org.gradle.internal.Deferrable$3.completeAndGet(Deferrable.java:117)
	... 127 more


BUILD FAILED in 13s
317 actionable tasks: 31 executed, 286 up-to-date
